<?xml version="1.0" encoding="utf-8" standalone="no"?>
<!--This file represents the results of running a test suite-->
<test-results name="C:\code\storyteller\src\Storyteller.Core.Testing\bin\Debug\Storyteller.Core.Testing.dll" total="89" errors="0" failures="0" not-run="0" inconclusive="0" ignored="0" skipped="0" invalid="0" date="2015-01-16" time="09:56:31">
  <environment nunit-version="2.5.10.11092" clr-version="2.0.50727.5477" os-version="Microsoft Windows NT 6.1.7601 Service Pack 1" platform="Win32NT" cwd="C:\code\storyteller" machine-name="SLV-JEREMILL01" user="jeremill" user-domain="EXTENDHEALTH" />
  <culture-info current-culture="en-US" current-uiculture="en-US" />
  <test-suite type="Assembly" name="C:\code\storyteller\src\Storyteller.Core.Testing\bin\Debug\Storyteller.Core.Testing.dll" executed="True" result="Success" success="True" time="1.232" asserts="0">
    <results>
      <test-suite type="Namespace" name="Storyteller" executed="True" result="Success" success="True" time="1.232" asserts="0">
        <results>
          <test-suite type="Namespace" name="Core" executed="True" result="Success" success="True" time="1.217" asserts="0">
            <results>
              <test-suite type="Namespace" name="Testing" executed="True" result="Success" success="True" time="1.217" asserts="0">
                <results>
                  <test-suite type="Namespace" name="Conversion" executed="True" result="Success" success="True" time="0.125" asserts="0">
                    <results>
                      <test-suite type="TestFixture" name="ConversionsTester" executed="True" result="Success" success="True" time="0.078" asserts="0">
                        <results>
                          <test-case name="Storyteller.Core.Testing.Conversion.ConversionsTester.enumerations" executed="True" result="Success" success="True" time="0.016" asserts="1" />
                          <test-case name="Storyteller.Core.Testing.Conversion.ConversionsTester.intrinsic_types" executed="True" result="Success" success="True" time="0.016" asserts="13" />
                        </results>
                      </test-suite>
                      <test-suite type="TestFixture" name="StepValuesTester" executed="True" result="Success" success="True" time="0.047" asserts="0">
                        <results>
                          <test-case name="Storyteller.Core.Testing.Conversion.StepValuesTester.happy_check_for_a_simple_equals_match" executed="True" result="Success" success="True" time="0.000" asserts="1" />
                          <test-case name="Storyteller.Core.Testing.Conversion.StepValuesTester.process_delayed_runtime_converters_successfully" executed="True" result="Success" success="True" time="0.000" asserts="7" />
                          <test-case name="Storyteller.Core.Testing.Conversion.StepValuesTester.process_delayed_runtime_convertor_that_fails_with_a_null" executed="True" result="Success" success="True" time="0.016" asserts="6" />
                          <test-case name="Storyteller.Core.Testing.Conversion.StepValuesTester.process_delayed_runtime_convertor_that_fails_with_exception" executed="True" result="Success" success="True" time="0.016" asserts="6" />
                          <test-case name="Storyteller.Core.Testing.Conversion.StepValuesTester.sad_path_check_for_a_simple_equals_match" executed="True" result="Success" success="True" time="0.000" asserts="1" />
                          <test-case name="Storyteller.Core.Testing.Conversion.StepValuesTester.store_and_retrieve" executed="True" result="Success" success="True" time="0.000" asserts="1" />
                        </results>
                      </test-suite>
                    </results>
                  </test-suite>
                  <test-suite type="Namespace" name="EndToEnd" executed="True" result="Success" success="True" time="0.296" asserts="0">
                    <results>
                      <test-suite type="TestFixture" name="simplest_possible_execution" executed="True" result="Success" success="True" time="0.296" asserts="0">
                        <results>
                          <test-case name="Storyteller.Core.Testing.EndToEnd.simplest_possible_execution.continues_on_normal_exception" executed="True" result="Success" success="True" time="0.265" asserts="0" />
                          <test-case name="Storyteller.Core.Testing.EndToEnd.simplest_possible_execution.run_actions" executed="True" result="Success" success="True" time="0.000" asserts="0" />
                          <test-case name="Storyteller.Core.Testing.EndToEnd.simplest_possible_execution.setup_and_teardown_are_called_before_and_after_nested_steps" executed="True" result="Success" success="True" time="0.000" asserts="8" />
                          <test-case name="Storyteller.Core.Testing.EndToEnd.simplest_possible_execution.stop_if_setup_blows_up" executed="True" result="Success" success="True" time="0.000" asserts="0" />
                          <test-case name="Storyteller.Core.Testing.EndToEnd.simplest_possible_execution.stop_if_teardown_blows_up" executed="True" result="Success" success="True" time="0.000" asserts="0" />
                          <test-case name="Storyteller.Core.Testing.EndToEnd.simplest_possible_execution.would_stop_on_a_catastrophic_exception" executed="True" result="Success" success="True" time="0.000" asserts="0" />
                          <test-case name="Storyteller.Core.Testing.EndToEnd.simplest_possible_execution.would_stop_on_a_critical_exception" executed="True" result="Success" success="True" time="0.000" asserts="0" />
                        </results>
                      </test-suite>
                    </results>
                  </test-suite>
                  <test-suite type="Namespace" name="Engine" executed="True" result="Success" success="True" time="0.000" asserts="0">
                    <results>
                      <test-suite type="TestFixture" name="CountsTester" executed="True" result="Success" success="True" time="0.000" asserts="0">
                        <results>
                          <test-case name="Storyteller.Core.Testing.Engine.CountsTester.add_two_counts" executed="True" result="Success" success="True" time="0.000" asserts="8" />
                          <test-case name="Storyteller.Core.Testing.Engine.CountsTester.counts_are_all_zero_on_construction" executed="True" result="Success" success="True" time="0.000" asserts="4" />
                          <test-case name="Storyteller.Core.Testing.Engine.CountsTester.is_success" executed="True" result="Success" success="True" time="0.000" asserts="6" />
                          <test-case name="Storyteller.Core.Testing.Engine.CountsTester.reset_clears_all_counts_to_zero" executed="True" result="Success" success="True" time="0.000" asserts="1" />
                        </results>
                      </test-suite>
                    </results>
                  </test-suite>
                  <test-suite type="TestFixture" name="FixtureTester" executed="True" result="Success" success="True" time="0.016" asserts="0">
                    <results>
                      <test-case name="Storyteller.Core.Testing.FixtureTester.builds_default_title_in_model" executed="True" result="Success" success="True" time="0.000" asserts="1" />
                      <test-case name="Storyteller.Core.Testing.FixtureTester.builds_model_with_explicit_title" executed="True" result="Success" success="True" time="0.000" asserts="1" />
                      <test-case name="Storyteller.Core.Testing.FixtureTester.can_resolve_grammars_added_explicitly" executed="True" result="Success" success="True" time="0.000" asserts="6" />
                      <test-case name="Storyteller.Core.Testing.FixtureTester.can_resolve_grammars_created_by_a_public_method" executed="True" result="Success" success="True" time="0.000" asserts="6" />
                      <test-case name="Storyteller.Core.Testing.FixtureTester.Fixture_can_handle_a_grammar_that_fails_to_construct_itself" executed="True" result="Success" success="True" time="0.000" asserts="3" />
                      <test-case name="Storyteller.Core.Testing.FixtureTester.fixture_returns_a_missing_grammar_for_something_that_is_unknown" executed="True" result="Success" success="True" time="0.000" asserts="2" />
                      <test-case name="Storyteller.Core.Testing.FixtureTester.get_the_name_using_convention_if_the_alias_as_attribute_does_not_exist" executed="True" result="Success" success="True" time="0.000" asserts="1" />
                      <test-case name="Storyteller.Core.Testing.FixtureTester.get_the_name_using_the_alias_attribute_if_it_exists" executed="True" result="Success" success="True" time="0.000" asserts="1" />
                      <test-case name="Storyteller.Core.Testing.FixtureTester.hidden_when_marked_with_Hidden" executed="True" result="Success" success="True" time="0.000" asserts="1" />
                      <test-case name="Storyteller.Core.Testing.FixtureTester.not_hidden_without_the_attribute" executed="True" result="Success" success="True" time="0.000" asserts="1" />
                      <test-case name="Storyteller.Core.Testing.FixtureTester.use_alias_for_on_grammar_method" executed="True" result="Success" success="True" time="0.000" asserts="4" />
                    </results>
                  </test-suite>
                  <test-suite type="Namespace" name="Grammars" executed="True" result="Success" success="True" time="0.468" asserts="0">
                    <results>
                      <test-suite type="TestFixture" name="FixtureActionTester" executed="True" result="Success" success="True" time="0.203" asserts="0">
                        <results>
                          <test-case name="Storyteller.Core.Testing.Grammars.FixtureActionTester.accept_visitor" executed="True" result="Success" success="True" time="0.187" asserts="0" />
                          <test-case name="Storyteller.Core.Testing.Grammars.FixtureActionTester.exceptions_are_critical" executed="True" result="Success" success="True" time="0.000" asserts="1" />
                          <test-case name="Storyteller.Core.Testing.Grammars.FixtureActionTester.execute_happy_path" executed="True" result="Success" success="True" time="0.000" asserts="1" />
                          <test-case name="Storyteller.Core.Testing.Grammars.FixtureActionTester.execute_sad_path" executed="True" result="Success" success="True" time="0.000" asserts="6" />
                        </results>
                      </test-suite>
                      <test-suite type="TestFixture" name="FixtureLibraryTester" executed="True" result="Success" success="True" time="0.078" asserts="0">
                        <results>
                          <test-case name="Storyteller.Core.Testing.Grammars.FixtureLibraryTester.builds_for_all_the_non_hidden_fixtures" executed="True" result="Success" success="True" time="0.078" asserts="5" />
                        </results>
                      </test-suite>
                      <test-suite type="TestFixture" name="InvalidGrammarStepTester" executed="True" result="Success" success="True" time="0.000" asserts="0">
                        <results>
                          <test-case name="Storyteller.Core.Testing.Grammars.InvalidGrammarStepTester.accept_visitor" executed="True" result="Success" success="True" time="0.000" asserts="0" />
                          <test-case name="Storyteller.Core.Testing.Grammars.InvalidGrammarStepTester.execute_logs_a_step_result_error" executed="True" result="Success" success="True" time="0.000" asserts="5" />
                        </results>
                      </test-suite>
                      <test-suite type="TestFixture" name="LinePlanTester" executed="True" result="Success" success="True" time="0.047" asserts="0">
                        <results>
                          <test-case name="Storyteller.Core.Testing.Grammars.LinePlanTester.accept_visitor_calls_through_to_line" executed="True" result="Success" success="True" time="0.000" asserts="0" />
                          <test-case name="Storyteller.Core.Testing.Grammars.LinePlanTester.no_conversion_errors_but_the_action_blows_up" executed="True" result="Success" success="True" time="0.016" asserts="1" />
                          <test-case name="Storyteller.Core.Testing.Grammars.LinePlanTester.run_happy_path_with_no_conversions_and_no_errors" executed="True" result="Success" success="True" time="0.016" asserts="9" />
                          <test-case name="Storyteller.Core.Testing.Grammars.LinePlanTester.runs_all_the_delayed_conversions_before_performing_the_action" executed="True" result="Success" success="True" time="0.000" asserts="2" />
                          <test-case name="Storyteller.Core.Testing.Grammars.LinePlanTester.when_there_are_conversion_errors_a_head_of_time" executed="True" result="Success" success="True" time="0.000" asserts="8" />
                          <test-case name="Storyteller.Core.Testing.Grammars.LinePlanTester.when_there_are_errors_in_the_runtime_conversion" executed="True" result="Success" success="True" time="0.000" asserts="4" />
                        </results>
                      </test-suite>
                      <test-suite type="Namespace" name="Lines" executed="True" result="Success" success="True" time="0.016" asserts="0">
                        <results>
                          <test-suite type="TestFixture" name="ActionGrammarTester" executed="True" result="Success" success="True" time="0.016" asserts="0">
                            <results>
                              <test-case name="Storyteller.Core.Testing.Grammars.Lines.ActionGrammarTester.build_out_the_grammar_model" executed="True" result="Success" success="True" time="0.000" asserts="5" />
                              <test-case name="Storyteller.Core.Testing.Grammars.Lines.ActionGrammarTester.execute_delegates" executed="True" result="Success" success="True" time="0.016" asserts="0" />
                            </results>
                          </test-suite>
                        </results>
                      </test-suite>
                      <test-suite type="Namespace" name="Reflection" executed="True" result="Success" success="True" time="0.031" asserts="0">
                        <results>
                          <test-suite type="TestFixture" name="MethodInvocationTester" executed="True" result="Success" success="True" time="0.031" asserts="0">
                            <results>
                              <test-case name="Storyteller.Core.Testing.Grammars.Reflection.MethodInvocationTester.execute" executed="True" result="Success" success="True" time="0.031" asserts="3" />
                              <test-case name="Storyteller.Core.Testing.Grammars.Reflection.MethodInvocationTester.invoke_with_return_value" executed="True" result="Success" success="True" time="0.000" asserts="1" />
                            </results>
                          </test-suite>
                        </results>
                      </test-suite>
                      <test-suite type="TestFixture" name="SectionPlanTester" executed="True" result="Success" success="True" time="0.062" asserts="0">
                        <results>
                          <test-case name="Storyteller.Core.Testing.Grammars.SectionPlanTester.accept_visitor" executed="True" result="Success" success="True" time="0.031" asserts="0" />
                          <test-case name="Storyteller.Core.Testing.Grammars.SectionPlanTester.executes_the_teardown" executed="True" result="Success" success="True" time="0.000" asserts="0" />
                          <test-case name="Storyteller.Core.Testing.Grammars.SectionPlanTester.executing_the_setup_also_sets_the_context" executed="True" result="Success" success="True" time="0.000" asserts="0" />
                          <test-case name="Storyteller.Core.Testing.Grammars.SectionPlanTester.the_count_is_the_sum_of_the_internal_steps_plus_two_for_setup_and_teardown" executed="True" result="Success" success="True" time="0.000" asserts="1" />
                          <test-case name="Storyteller.Core.Testing.Grammars.SectionPlanTester.wraps_setup_and_teardown_around_the_nested_steps" executed="True" result="Success" success="True" time="0.000" asserts="10" />
                        </results>
                      </test-suite>
                    </results>
                  </test-suite>
                  <test-suite type="Namespace" name="Model" executed="True" result="Success" success="True" time="0.250" asserts="0">
                    <results>
                      <test-suite type="TestFixture" name="CellTester" executed="True" result="Success" success="True" time="0.234" asserts="0">
                        <results>
                          <test-case name="Storyteller.Core.Testing.Model.CellTester.can_serialize_cell" executed="True" result="Success" success="True" time="0.218" asserts="1" />
                          <test-case name="Storyteller.Core.Testing.Model.CellTester.create_with_basic_converter_and_convert_happy_path" executed="True" result="Success" success="True" time="0.016" asserts="1" />
                          <test-case name="Storyteller.Core.Testing.Model.CellTester.create_with_basic_converter_and_convert_with_errors" executed="True" result="Success" success="True" time="0.000" asserts="4" />
                          <test-case name="Storyteller.Core.Testing.Model.CellTester.create_with_no_converter" executed="True" result="Success" success="True" time="0.000" asserts="5" />
                        </results>
                      </test-suite>
                      <test-suite type="TestFixture" name="ErrorGrammarTester" executed="True" result="Success" success="True" time="0.000" asserts="0">
                        <results>
                          <test-case name="Storyteller.Core.Testing.Model.ErrorGrammarTester.compile_just_returns_itself" executed="True" result="Success" success="True" time="0.000" asserts="1" />
                          <test-case name="Storyteller.Core.Testing.Model.ErrorGrammarTester.create_an_error_grammar_adds_error_to_itself" executed="True" result="Success" success="True" time="0.000" asserts="1" />
                          <test-case name="Storyteller.Core.Testing.Model.ErrorGrammarTester.create_plan_returns_an_invalid_grammar_step" executed="True" result="Success" success="True" time="0.000" asserts="1" />
                        </results>
                      </test-suite>
                      <test-suite type="TestFixture" name="MissingGrammarTester" executed="True" result="Success" success="True" time="0.016" asserts="0">
                        <results>
                          <test-case name="Storyteller.Core.Testing.Model.MissingGrammarTester.compile_just_returns_itself" executed="True" result="Success" success="True" time="0.000" asserts="1" />
                          <test-case name="Storyteller.Core.Testing.Model.MissingGrammarTester.create_an_Missing_grammar_adds_Missing_to_itself" executed="True" result="Success" success="True" time="0.000" asserts="1" />
                          <test-case name="Storyteller.Core.Testing.Model.MissingGrammarTester.create_plan_creates_an_invalid_grammar_step" executed="True" result="Success" success="True" time="0.016" asserts="1" />
                        </results>
                      </test-suite>
                    </results>
                  </test-suite>
                  <test-suite type="Namespace" name="Persistence" executed="True" result="Success" success="True" time="0.016" asserts="0">
                    <results>
                      <test-suite type="TestFixture" name="TextParserTester" executed="True" result="Success" success="True" time="0.016" asserts="0">
                        <results>
                          <test-case name="Storyteller.Core.Testing.Persistence.TextParserTester.build_a_new_specification_with_name" executed="True" result="Success" success="True" time="0.000" asserts="1" />
                          <test-case name="Storyteller.Core.Testing.Persistence.TextParserTester.read_a_single_section" executed="True" result="Success" success="True" time="0.000" asserts="3" />
                          <test-case name="Storyteller.Core.Testing.Persistence.TextParserTester.read_an_id_in_a_section" executed="True" result="Success" success="True" time="0.000" asserts="3" />
                          <test-case name="Storyteller.Core.Testing.Persistence.TextParserTester.read_collection_of_a_step" executed="True" result="Success" success="True" time="0.000" asserts="7" />
                          <test-case name="Storyteller.Core.Testing.Persistence.TextParserTester.read_multiple_sections" executed="True" result="Success" success="True" time="0.000" asserts="6" />
                          <test-case name="Storyteller.Core.Testing.Persistence.TextParserTester.read_steps_in_a_section_with_an_id" executed="True" result="Success" success="True" time="0.000" asserts="7" />
                          <test-case name="Storyteller.Core.Testing.Persistence.TextParserTester.read_steps_in_a_section_without_an_id" executed="True" result="Success" success="True" time="0.000" asserts="6" />
                        </results>
                      </test-suite>
                    </results>
                  </test-suite>
                  <test-suite type="Namespace" name="Results" executed="True" result="Success" success="True" time="0.016" asserts="0">
                    <results>
                      <test-suite type="TestFixture" name="CellResultTester" executed="True" result="Success" success="True" time="0.000" asserts="0">
                        <results>
                          <test-case name="Storyteller.Core.Testing.Results.CellResultTester.modify_counts_when_in_error_state" executed="True" result="Success" success="True" time="0.000" asserts="1" />
                          <test-case name="Storyteller.Core.Testing.Results.CellResultTester.modify_counts_when_in_failure_state" executed="True" result="Success" success="True" time="0.000" asserts="1" />
                          <test-case name="Storyteller.Core.Testing.Results.CellResultTester.modify_counts_when_in_missing_state" executed="True" result="Success" success="True" time="0.000" asserts="1" />
                          <test-case name="Storyteller.Core.Testing.Results.CellResultTester.modify_counts_when_in_success_state" executed="True" result="Success" success="True" time="0.000" asserts="1" />
                          <test-case name="Storyteller.Core.Testing.Results.CellResultTester.modify_counts_when_ok" executed="True" result="Success" success="True" time="0.000" asserts="1" />
                        </results>
                      </test-suite>
                      <test-suite type="TestFixture" name="EnvelopeTester" executed="True" result="Success" success="True" time="0.000" asserts="0">
                        <results>
                          <test-case name="Storyteller.Core.Testing.Results.EnvelopeTester.create_envelope_from_message" executed="True" result="Success" success="True" time="0.000" asserts="1" />
                          <test-case name="Storyteller.Core.Testing.Results.EnvelopeTester.derive_topic_name" executed="True" result="Success" success="True" time="0.000" asserts="1" />
                        </results>
                      </test-suite>
                      <test-suite type="TestFixture" name="StepResultTester" executed="True" result="Success" success="True" time="0.016" asserts="0">
                        <results>
                          <test-case name="Storyteller.Core.Testing.Results.StepResultTester.default_position_is_null" executed="True" result="Success" success="True" time="0.000" asserts="1" />
                          <test-case name="Storyteller.Core.Testing.Results.StepResultTester.modify_increments" executed="True" result="Success" success="True" time="0.000" asserts="4" />
                          <test-case name="Storyteller.Core.Testing.Results.StepResultTester.modify_increments_with_cell_results" executed="True" result="Success" success="True" time="0.000" asserts="1" />
                        </results>
                      </test-suite>
                    </results>
                  </test-suite>
                  <test-suite type="TestFixture" name="SpecContextTester" executed="True" result="Success" success="True" time="0.000" asserts="0">
                    <results>
                      <test-case name="Storyteller.Core.Testing.SpecContextTester.log_exception_does_the_counts" executed="True" result="Success" success="True" time="0.000" asserts="1" />
                      <test-case name="Storyteller.Core.Testing.SpecContextTester.log_exception_logs_a_result" executed="True" result="Success" success="True" time="0.000" asserts="5" />
                    </results>
                  </test-suite>
                  <test-suite type="TestFixture" name="when_testing_for_should_continue" executed="True" result="Success" success="True" time="0.016" asserts="0">
                    <results>
                      <test-case name="Storyteller.Core.Testing.when_testing_for_should_continue.do_not_stop_on_normal_exceptions_if_the_type_is_not_critical" executed="True" result="Success" success="True" time="0.000" asserts="1" />
                      <test-case name="Storyteller.Core.Testing.when_testing_for_should_continue.just_starting_with_default_options" executed="True" result="Success" success="True" time="0.000" asserts="1" />
                      <test-case name="Storyteller.Core.Testing.when_testing_for_should_continue.stop_on_the_first_exception_if_condition_is_to_do_that" executed="True" result="Success" success="True" time="0.000" asserts="1" />
                      <test-case name="Storyteller.Core.Testing.when_testing_for_should_continue.stop_on_the_first_wrong_when_stop_conditions_say_so" executed="True" result="Success" success="True" time="0.000" asserts="2" />
                      <test-case name="Storyteller.Core.Testing.when_testing_for_should_continue.stops_when_the_cancellation_token_has_been_cancelled" executed="True" result="Success" success="True" time="0.000" asserts="1" />
                      <test-case name="Storyteller.Core.Testing.when_testing_for_should_continue.stops_with_a_catastropic_exception_even_if_there_is_no_other_failure" executed="True" result="Success" success="True" time="0.016" asserts="1" />
                      <test-case name="Storyteller.Core.Testing.when_testing_for_should_continue.stops_with_a_critical_exception_even_if_there_is_no_other_failure" executed="True" result="Success" success="True" time="0.000" asserts="1" />
                      <test-case name="Storyteller.Core.Testing.when_testing_for_should_continue.will_not_stop_on_wrong_if_stop_conditions_are_the_defaults" executed="True" result="Success" success="True" time="0.000" asserts="1" />
                    </results>
                  </test-suite>
                </results>
              </test-suite>
            </results>
          </test-suite>
        </results>
      </test-suite>
    </results>
  </test-suite>
</test-results>