<?xml version="1.0" encoding="utf-8" standalone="no"?>
<!--This file represents the results of running a test suite-->
<test-results name="C:\code\storyteller\src\Storyteller.Testing\bin\Debug\Storyteller.Testing.dll" total="683" errors="0" failures="0" not-run="2" inconclusive="0" ignored="2" skipped="0" invalid="0" date="2015-01-09" time="17:10:03">
  <environment nunit-version="2.5.10.11092" clr-version="2.0.50727.5477" os-version="Microsoft Windows NT 6.1.7601 Service Pack 1" platform="Win32NT" cwd="C:\code\storyteller" machine-name="SLV-JEREMILL01" user="jeremill" user-domain="EXTENDHEALTH" />
  <culture-info current-culture="en-US" current-uiculture="en-US" />
  <test-suite type="Assembly" name="C:\code\storyteller\src\Storyteller.Testing\bin\Debug\Storyteller.Testing.dll" executed="True" result="Success" success="True" time="29.437" asserts="0">
    <results>
      <test-suite type="Namespace" name="StoryTeller" executed="True" result="Success" success="True" time="29.312" asserts="0">
        <results>
          <test-suite type="Namespace" name="Testing" executed="True" result="Success" success="True" time="29.312" asserts="0">
            <results>
              <test-suite type="Namespace" name="Bugs" executed="True" result="Success" success="True" time="0.296" asserts="0">
                <results>
                  <test-suite type="TestFixture" name="MethodFactDoesNotUpdateTheCounts" executed="True" result="Success" success="True" time="0.296" asserts="0">
                    <results>
                      <test-case name="StoryTeller.Testing.Bugs.MethodFactDoesNotUpdateTheCounts.a_method_that_returns_a_false_boolean_is_a_fact_and_should_be_incrementing_wrongs" executed="True" result="Success" success="True" time="0.265" asserts="1" />
                      <test-case name="StoryTeller.Testing.Bugs.MethodFactDoesNotUpdateTheCounts.a_method_that_returns_a_true_boolean_is_a_fact_and_should_be_incrementing_rights" executed="True" result="Success" success="True" time="0.000" asserts="1" />
                    </results>
                  </test-suite>
                </results>
              </test-suite>
              <test-suite type="TestFixture" name="CommentTester" executed="True" result="Success" success="True" time="0.187" asserts="0">
                <results>
                  <test-case name="StoryTeller.Testing.CommentTester.accept_visitor" executed="True" result="Success" success="True" time="0.187" asserts="0" />
                </results>
              </test-suite>
              <test-suite type="TestFixture" name="DisplayParserTester" executed="True" result="Success" success="True" time="0.016" asserts="0">
                <results>
                  <test-case name="StoryTeller.Testing.DisplayParserTester.all_cells_are_in_the_middle" executed="True" result="Success" success="True" time="0.000" asserts="6" />
                  <test-case name="StoryTeller.Testing.DisplayParserTester.parse_a_simple_example" executed="True" result="Success" success="True" time="0.000" asserts="5" />
                  <test-case name="StoryTeller.Testing.DisplayParserTester.parse_a_simple_example_that_puts_a_cell_at_the_very_beginning" executed="True" result="Success" success="True" time="0.000" asserts="4" />
                </results>
              </test-suite>
              <test-suite type="Namespace" name="Domain" executed="True" result="Success" success="True" time="0.328" asserts="0">
                <results>
                  <test-suite type="TestFixture" name="StepLeafTester" executed="True" result="Success" success="True" time="0.062" asserts="0">
                    <results>
                      <test-case name="StoryTeller.Testing.Domain.StepLeafTester.add_step" executed="True" result="Success" success="True" time="0.000" asserts="2" />
                      <test-case name="StoryTeller.Testing.Domain.StepLeafTester.clear_attribute" executed="True" result="Success" success="True" time="0.031" asserts="7" />
                      <test-case name="StoryTeller.Testing.Domain.StepLeafTester.clone_last_node_does_nothing_and_returns_false_if_no_other_steps_exist" executed="True" result="Success" success="True" time="0.016" asserts="1" />
                      <test-case name="StoryTeller.Testing.Domain.StepLeafTester.clone_last_node_if_a_node_exists" executed="True" result="Success" success="True" time="0.000" asserts="2" />
                      <test-case name="StoryTeller.Testing.Domain.StepLeafTester.get_all_unique_attributes" executed="True" result="Success" success="True" time="0.000" asserts="8" />
                      <test-case name="StoryTeller.Testing.Domain.StepLeafTester.move_down_1" executed="True" result="Success" success="True" time="0.000" asserts="8" />
                      <test-case name="StoryTeller.Testing.Domain.StepLeafTester.move_down_when_already_last" executed="True" result="Success" success="True" time="0.000" asserts="4" />
                      <test-case name="StoryTeller.Testing.Domain.StepLeafTester.move_to_bottom" executed="True" result="Success" success="True" time="0.000" asserts="8" />
                      <test-case name="StoryTeller.Testing.Domain.StepLeafTester.move_to_bottom_when_already_last" executed="True" result="Success" success="True" time="0.016" asserts="4" />
                      <test-case name="StoryTeller.Testing.Domain.StepLeafTester.move_to_top" executed="True" result="Success" success="True" time="0.000" asserts="8" />
                      <test-case name="StoryTeller.Testing.Domain.StepLeafTester.move_to_top_when_the_step_is_already_first" executed="True" result="Success" success="True" time="0.000" asserts="4" />
                      <test-case name="StoryTeller.Testing.Domain.StepLeafTester.move_up_1" executed="True" result="Success" success="True" time="0.000" asserts="8" />
                      <test-case name="StoryTeller.Testing.Domain.StepLeafTester.move_up_when_the_step_is_already_first" executed="True" result="Success" success="True" time="0.000" asserts="4" />
                      <test-case name="StoryTeller.Testing.Domain.StepLeafTester.set_step_value_should_set_a_value_on_all_steps" executed="True" result="Success" success="True" time="0.000" asserts="4" />
                    </results>
                  </test-suite>
                  <test-suite type="TestFixture" name="SuiteNavigatorTester" executed="True" result="Success" success="True" time="0.078" asserts="0">
                    <results>
                      <test-case name="StoryTeller.Testing.Domain.SuiteNavigatorTester.visit_with_a_suite_filter" executed="True" result="Success" success="True" time="0.047" asserts="23" />
                      <test-case name="StoryTeller.Testing.Domain.SuiteNavigatorTester.visit_with_a_test_filter" executed="True" result="Success" success="True" time="0.016" asserts="23" />
                      <test-case name="StoryTeller.Testing.Domain.SuiteNavigatorTester.visit_with_no_filters" executed="True" result="Success" success="True" time="0.016" asserts="23" />
                    </results>
                  </test-suite>
                  <test-suite type="TestFixture" name="TagsTest" executed="True" result="Success" success="True" time="0.016" asserts="0">
                    <results>
                      <test-case name="StoryTeller.Testing.Domain.TagsTest.Should_match_tags_with_multiple_tags_match_test" executed="True" result="Success" success="True" time="0.016" asserts="1" />
                      <test-case name="StoryTeller.Testing.Domain.TagsTest.Should_match_test_with_matching_tags" executed="True" result="Success" success="True" time="0.000" asserts="1" />
                      <test-case name="StoryTeller.Testing.Domain.TagsTest.Should_match_test_with_multiple_tags" executed="True" result="Success" success="True" time="0.000" asserts="1" />
                      <test-case name="StoryTeller.Testing.Domain.TagsTest.Should_not_match_test_when_using_tags_that_are_not_used" executed="True" result="Success" success="True" time="0.000" asserts="1" />
                      <test-case name="StoryTeller.Testing.Domain.TagsTest.Verify_Adding_a_tag" executed="True" result="Success" success="True" time="0.000" asserts="1" />
                    </results>
                  </test-suite>
                  <test-suite type="TestFixture" name="TestFilterTester" executed="True" result="Success" success="True" time="0.078" asserts="0">
                    <results>
                      <test-case name="StoryTeller.Testing.Domain.TestFilterTester.by_default_the_lifecycle_is_any" executed="True" result="Success" success="True" time="0.031" asserts="1" />
                      <test-case name="StoryTeller.Testing.Domain.TestFilterTester.by_default_the_status_is_all" executed="True" result="Success" success="True" time="0.000" asserts="1" />
                      <test-case name="StoryTeller.Testing.Domain.TestFilterTester.do_not_show_empty_suites_when_a_result_status_is_selected" executed="True" result="Success" success="True" time="0.000" asserts="1" />
                      <test-case name="StoryTeller.Testing.Domain.TestFilterTester.do_not_show_empty_suites_when_lifecyle_is_set" executed="True" result="Success" success="True" time="0.000" asserts="1" />
                      <test-case name="StoryTeller.Testing.Domain.TestFilterTester.do_not_show_empty_suites_when_tags_are_applied" executed="True" result="Success" success="True" time="0.000" asserts="1" />
                      <test-case name="StoryTeller.Testing.Domain.TestFilterTester.look_for_failed_regression_tests" executed="True" result="Success" success="True" time="0.016" asserts="6" />
                      <test-case name="StoryTeller.Testing.Domain.TestFilterTester.look_for_successful_acceptance_tests" executed="True" result="Success" success="True" time="0.000" asserts="6" />
                      <test-case name="StoryTeller.Testing.Domain.TestFilterTester.only_look_for_acceptance_tests" executed="True" result="Success" success="True" time="0.000" asserts="6" />
                      <test-case name="StoryTeller.Testing.Domain.TestFilterTester.only_look_for_failed_tests" executed="True" result="Success" success="True" time="0.000" asserts="6" />
                      <test-case name="StoryTeller.Testing.Domain.TestFilterTester.only_look_for_regression_tests" executed="True" result="Success" success="True" time="0.000" asserts="6" />
                      <test-case name="StoryTeller.Testing.Domain.TestFilterTester.only_look_for_successful_tests" executed="True" result="Success" success="True" time="0.000" asserts="6" />
                      <test-case name="StoryTeller.Testing.Domain.TestFilterTester.only_look_for_unknown_tests" executed="True" result="Success" success="True" time="0.000" asserts="6" />
                      <test-case name="StoryTeller.Testing.Domain.TestFilterTester.show_empty_suites_when_any_lifecycle_and_status_is_all" executed="True" result="Success" success="True" time="0.000" asserts="1" />
                      <test-case name="StoryTeller.Testing.Domain.TestFilterTester.the_filter_should_match_all_tests_when_no_tags_are_applied" executed="True" result="Success" success="True" time="0.000" asserts="2" />
                      <test-case name="StoryTeller.Testing.Domain.TestFilterTester.the_filter_should_match_no_tests_when_using_tags_that_are_not_used" executed="True" result="Success" success="True" time="0.000" asserts="2" />
                      <test-case name="StoryTeller.Testing.Domain.TestFilterTester.the_filter_should_match_tests_with_matching_tags" executed="True" result="Success" success="True" time="0.000" asserts="2" />
                      <test-case name="StoryTeller.Testing.Domain.TestFilterTester.the_filter_should_match_tests_with_multiple_tags" executed="True" result="Success" success="True" time="0.000" asserts="2" />
                      <test-case name="StoryTeller.Testing.Domain.TestFilterTester.the_initial_filter_should_match_all_tests" executed="True" result="Success" success="True" time="0.000" asserts="6" />
                    </results>
                  </test-suite>
                  <test-suite type="TestFixture" name="TestProgressionTester" executed="True" result="Success" success="True" time="0.016" asserts="0">
                    <results>
                      <test-case name="StoryTeller.Testing.Domain.TestProgressionTester.can_find_the_path_of_a_part" executed="True" result="Success" success="True" time="0.016" asserts="3" />
                      <test-case name="StoryTeller.Testing.Domain.TestProgressionTester.find_index_of" executed="True" result="Success" success="True" time="0.000" asserts="3" />
                      <test-case name="StoryTeller.Testing.Domain.TestProgressionTester.returns_the_count" executed="True" result="Success" success="True" time="0.000" asserts="1" />
                    </results>
                  </test-suite>
                  <test-suite type="TestFixture" name="TPathTester" executed="True" result="Success" success="True" time="0.016" asserts="0">
                    <results>
                      <test-case name="StoryTeller.Testing.Domain.TPathTester.an_empty_string_path_is_the_hierarchy" executed="True" result="Success" success="True" time="0.000" asserts="1" />
                      <test-case name="StoryTeller.Testing.Domain.TPathTester.append" executed="True" result="Success" success="True" time="0.000" asserts="1" />
                      <test-case name="StoryTeller.Testing.Domain.TPathTester.get_containing_folder" executed="True" result="Success" success="True" time="0.000" asserts="4" />
                      <test-case name="StoryTeller.Testing.Domain.TPathTester.locator" executed="True" result="Success" success="True" time="0.000" asserts="1" />
                      <test-case name="StoryTeller.Testing.Domain.TPathTester.push" executed="True" result="Success" success="True" time="0.000" asserts="1" />
                    </results>
                  </test-suite>
                  <test-suite type="TestFixture" name="when_building_a_status_after_starting_the_second_or_later_step" executed="True" result="Success" success="True" time="0.016" asserts="0">
                    <results>
                      <test-case name="StoryTeller.Testing.Domain.when_building_a_status_after_starting_the_second_or_later_step.should_have_the_text_of_the_last_step_running" executed="True" result="Success" success="True" time="0.016" asserts="1" />
                      <test-case name="StoryTeller.Testing.Domain.when_building_a_status_after_starting_the_second_or_later_step.the_progress_count_is_one" executed="True" result="Success" success="True" time="0.000" asserts="1" />
                      <test-case name="StoryTeller.Testing.Domain.when_building_a_status_after_starting_the_second_or_later_step.the_total_count_should_be_the_total_count" executed="True" result="Success" success="True" time="0.000" asserts="1" />
                    </results>
                  </test-suite>
                  <test-suite type="TestFixture" name="when_building_a_status_for_the_first_section" executed="True" result="Success" success="True" time="0.016" asserts="0">
                    <results>
                      <test-case name="StoryTeller.Testing.Domain.when_building_a_status_for_the_first_section.has_the_test_path" executed="True" result="Success" success="True" time="0.000" asserts="1" />
                      <test-case name="StoryTeller.Testing.Domain.when_building_a_status_for_the_first_section.should_have_the_text_of_the_section_running" executed="True" result="Success" success="True" time="0.000" asserts="1" />
                      <test-case name="StoryTeller.Testing.Domain.when_building_a_status_for_the_first_section.the_progress_count_is_just_zero_cause_nothing_has_been_completed" executed="True" result="Success" success="True" time="0.000" asserts="1" />
                      <test-case name="StoryTeller.Testing.Domain.when_building_a_status_for_the_first_section.the_total_count_should_be_the_total_count" executed="True" result="Success" success="True" time="0.000" asserts="1" />
                    </results>
                  </test-suite>
                  <test-suite type="TestFixture" name="when_building_the_second_completed_step" executed="True" result="Success" success="True" time="0.000" asserts="0">
                    <results>
                      <test-case name="StoryTeller.Testing.Domain.when_building_the_second_completed_step.should_have_the_text_of_the_last_step_running" executed="True" result="Success" success="True" time="0.000" asserts="1" />
                      <test-case name="StoryTeller.Testing.Domain.when_building_the_second_completed_step.the_progress_count_is_two_now" executed="True" result="Success" success="True" time="0.000" asserts="1" />
                    </results>
                  </test-suite>
                  <test-suite type="TestFixture" name="when_building_the_status_after_incrementing_a_part" executed="True" result="Success" success="True" time="0.000" asserts="0">
                    <results>
                      <test-case name="StoryTeller.Testing.Domain.when_building_the_status_after_incrementing_a_part.has_the_test_path" executed="True" result="Success" success="True" time="0.000" asserts="1" />
                      <test-case name="StoryTeller.Testing.Domain.when_building_the_status_after_incrementing_a_part.should_have_the_text_of_the_last_step_running" executed="True" result="Success" success="True" time="0.000" asserts="1" />
                      <test-case name="StoryTeller.Testing.Domain.when_building_the_status_after_incrementing_a_part.the_progress_count_is_one" executed="True" result="Success" success="True" time="0.000" asserts="1" />
                      <test-case name="StoryTeller.Testing.Domain.when_building_the_status_after_incrementing_a_part.the_total_count_should_be_the_total_count" executed="True" result="Success" success="True" time="0.000" asserts="1" />
                    </results>
                  </test-suite>
                  <test-suite type="TestFixture" name="when_finding_all_the_tokens_from_a_test_with_sections" executed="True" result="Success" success="True" time="0.016" asserts="0">
                    <results>
                      <test-case name="StoryTeller.Testing.Domain.when_finding_all_the_tokens_from_a_test_with_sections.read_a_part_that_is_only_nested_one_deep" executed="True" result="Success" success="True" time="0.000" asserts="1" />
                      <test-case name="StoryTeller.Testing.Domain.when_finding_all_the_tokens_from_a_test_with_sections.read_a_section" executed="True" result="Success" success="True" time="0.000" asserts="1" />
                      <test-case name="StoryTeller.Testing.Domain.when_finding_all_the_tokens_from_a_test_with_sections.the_initial_status_should_be_the_test" executed="True" result="Success" success="True" time="0.000" asserts="1" />
                    </results>
                  </test-suite>
                </results>
              </test-suite>
              <test-suite type="Namespace" name="DSL" executed="True" result="Success" success="True" time="0.125" asserts="0">
                <results>
                  <test-suite type="TestFixture" name="ObjectConstructionExpressionTester" executed="True" result="Success" success="True" time="0.094" asserts="0">
                    <results>
                      <test-case name="StoryTeller.Testing.DSL.ObjectConstructionExpressionTester.specify_all_the_primitive_properties" executed="True" result="Success" success="True" time="0.031" asserts="8" />
                      <test-case name="StoryTeller.Testing.DSL.ObjectConstructionExpressionTester.specify_all_the_primitive_properties_with_extension_method" executed="True" result="Success" success="True" time="0.000" asserts="8" />
                      <test-case name="StoryTeller.Testing.DSL.ObjectConstructionExpressionTester.specify_properties_one_at_a_time" executed="True" result="Success" success="True" time="0.047" asserts="3" />
                      <test-case name="StoryTeller.Testing.DSL.ObjectConstructionExpressionTester.specify_properties_one_at_a_time_with_extension_methods" executed="True" result="Success" success="True" time="0.000" asserts="3" />
                      <test-case name="StoryTeller.Testing.DSL.ObjectConstructionExpressionTester.specify_properties_with_a_filter" executed="True" result="Success" success="True" time="0.000" asserts="6" />
                      <test-case name="StoryTeller.Testing.DSL.ObjectConstructionExpressionTester.specify_properties_with_a_filter_and_the_extension_method" executed="True" result="Success" success="True" time="0.000" asserts="6" />
                    </results>
                  </test-suite>
                  <test-suite type="TestFixture" name="ObjectVerificationExpressionTester" executed="True" result="Success" success="True" time="0.031" asserts="0">
                    <results>
                      <test-case name="StoryTeller.Testing.DSL.ObjectVerificationExpressionTester.check_a_single_property_successfully" executed="True" result="Success" success="True" time="0.016" asserts="1" />
                      <test-case name="StoryTeller.Testing.DSL.ObjectVerificationExpressionTester.check_a_single_property_that_does_not_match" executed="True" result="Success" success="True" time="0.000" asserts="1" />
                      <test-case name="StoryTeller.Testing.DSL.ObjectVerificationExpressionTester.check_all_simple_properties_successfully" executed="True" result="Success" success="True" time="0.016" asserts="1" />
                      <test-case name="StoryTeller.Testing.DSL.ObjectVerificationExpressionTester.check_all_simple_properties_with_three_mismatches" executed="True" result="Success" success="True" time="0.000" asserts="1" />
                    </results>
                  </test-suite>
                  <test-suite type="TestFixture" name="set_up_fixture_grammar_to_find_and_verify_an_object" executed="True" result="Inconclusive" success="False" time="0.000" asserts="0" />
                </results>
              </test-suite>
              <test-suite type="Namespace" name="Engine" executed="True" result="Success" success="True" time="5.258" asserts="0">
                <results>
                  <test-suite type="TestFixture" name="ActionGrammarTester" executed="True" result="Success" success="True" time="0.031" asserts="0">
                    <results>
                      <test-case name="StoryTeller.Testing.Engine.ActionGrammarTester.builds_sentence" executed="True" result="Success" success="True" time="0.016" asserts="3" />
                      <test-case name="StoryTeller.Testing.Engine.ActionGrammarTester.execute_picks_up_the_correct_cell" executed="True" result="Success" success="True" time="0.000" asserts="1" />
                      <test-case name="StoryTeller.Testing.Engine.ActionGrammarTester.GetCells" executed="True" result="Success" success="True" time="0.000" asserts="2" />
                    </results>
                  </test-suite>
                  <test-suite type="TestFixture" name="AssemblyResultTester" executed="True" result="Success" success="True" time="0.047" asserts="0">
                    <results>
                      <test-case name="StoryTeller.Testing.Engine.AssemblyResultTester.does_match_on_fixture_class_with_the_default_ctor" executed="True" result="Success" success="True" time="0.031" asserts="1" />
                      <test-case name="StoryTeller.Testing.Engine.AssemblyResultTester.found_fixture_types" executed="True" result="Success" success="True" time="0.000" asserts="0" />
                      <test-case name="StoryTeller.Testing.Engine.AssemblyResultTester.ignores_fixture_types_that_do_not_have_a_public_ctor" executed="True" result="Success" success="True" time="0.000" asserts="0" />
                      <test-case name="StoryTeller.Testing.Engine.AssemblyResultTester.ignores_types_that_are_open_generics" executed="True" result="Success" success="True" time="0.000" asserts="1" />
                      <test-case name="StoryTeller.Testing.Engine.AssemblyResultTester.should_be_able_to_find_the_system" executed="True" result="Success" success="True" time="0.000" asserts="0" />
                      <test-case name="StoryTeller.Testing.Engine.AssemblyResultTester.should_have_scanned_just_fine" executed="True" result="Success" success="True" time="0.000" asserts="1" />
                    </results>
                  </test-suite>
                  <test-suite type="TestFixture" name="before_and_after_tester_for_table" executed="True" result="Success" success="True" time="0.016" asserts="0">
                    <results>
                      <test-case name="StoryTeller.Testing.Engine.before_and_after_tester_for_table.all_the_steps_should_be_called" executed="True" result="Success" success="True" time="0.000" asserts="10" />
                      <test-case name="StoryTeller.Testing.Engine.before_and_after_tester_for_table.should_have_called_the_after_action_after_all_the_steps" executed="True" result="Success" success="True" time="0.000" asserts="3" />
                      <test-case name="StoryTeller.Testing.Engine.before_and_after_tester_for_table.should_have_called_the_before_the_steps" executed="True" result="Success" success="True" time="0.000" asserts="3" />
                    </results>
                  </test-suite>
                  <test-suite type="TestFixture" name="CellTester" executed="True" result="Success" success="True" time="0.172" asserts="0">
                    <results>
                      <test-case name="StoryTeller.Testing.Engine.CellTester.a_cell_with_a_default_value_will_use_that_for_the_sample_value" executed="True" result="Success" success="True" time="0.000" asserts="1" />
                      <test-case name="StoryTeller.Testing.Engine.CellTester.a_cell_without_a_default_value_will_use_astericks_for_the_sample_value" executed="True" result="Success" success="True" time="0.000" asserts="1" />
                      <test-case name="StoryTeller.Testing.Engine.CellTester.boolean_result_cell_expected_value_is_read_from_the_step_if_the_value_is_specified" executed="True" result="Success" success="True" time="0.016" asserts="2" />
                      <test-case name="StoryTeller.Testing.Engine.CellTester.boolean_result_cell_expected_value_is_true_if_no_value_is_specified" executed="True" result="Success" success="True" time="0.000" asserts="1" />
                      <test-case name="StoryTeller.Testing.Engine.CellTester.can_read_the_header_attribute" executed="True" result="Success" success="True" time="0.000" asserts="1" />
                      <test-case name="StoryTeller.Testing.Engine.CellTester.can_serialize" executed="True" result="Success" success="True" time="0.016" asserts="2" />
                      <test-case name="StoryTeller.Testing.Engine.CellTester.can_serialize_selection_values" executed="True" result="Success" success="True" time="0.000" asserts="7" />
                      <test-case name="StoryTeller.Testing.Engine.CellTester.create_by_parameter" executed="True" result="Success" success="True" time="0.016" asserts="4" />
                      <test-case name="StoryTeller.Testing.Engine.CellTester.create_by_parameter_with_a_default_value" executed="True" result="Success" success="True" time="0.000" asserts="2" />
                      <test-case name="StoryTeller.Testing.Engine.CellTester.get_display_returns_MISSING_if_the_value_does_not_exist" executed="True" result="Success" success="True" time="0.016" asserts="1" />
                      <test-case name="StoryTeller.Testing.Engine.CellTester.get_display_returns_the_toString_of_the_value_if_it_exists" executed="True" result="Success" success="True" time="0.000" asserts="1" />
                      <test-case name="StoryTeller.Testing.Engine.CellTester.get_display_with_a_default_value_and_no_step_value_should_use_the_default_value" executed="True" result="Success" success="True" time="0.000" asserts="1" />
                      <test-case name="StoryTeller.Testing.Engine.CellTester.has_default" executed="True" result="Success" success="True" time="0.000" asserts="3" />
                      <test-case name="StoryTeller.Testing.Engine.CellTester.on_creation_the_heading_is_the_same_as_the_key" executed="True" result="Success" success="True" time="0.000" asserts="1" />
                      <test-case name="StoryTeller.Testing.Engine.CellTester.override_cell_header" executed="True" result="Success" success="True" time="0.000" asserts="1" />
                      <test-case name="StoryTeller.Testing.Engine.CellTester.read_argument_with_a_format_exception" executed="True" result="Success" success="True" time="0.000" asserts="2" />
                      <test-case name="StoryTeller.Testing.Engine.CellTester.read_expected_value_from_step_for_a_boolean_result_cell" executed="True" result="Success" success="True" time="0.000" asserts="2" />
                      <test-case name="StoryTeller.Testing.Engine.CellTester.read_expected_value_from_step_that_is_boolean_missing_and_input_should_still_log_error" executed="True" result="Success" success="True" time="0.000" asserts="1" />
                      <test-case name="StoryTeller.Testing.Engine.CellTester.read_in_DateTime" executed="True" result="Success" success="True" time="0.031" asserts="1" />
                      <test-case name="StoryTeller.Testing.Engine.CellTester.read_non_null_data_in_for_a_nullable_type" executed="True" result="Success" success="True" time="0.016" asserts="1" />
                      <test-case name="StoryTeller.Testing.Engine.CellTester.read_null_in_from_a_nullable_type_with_NULL" executed="True" result="Success" success="True" time="0.000" asserts="1" />
                      <test-case name="StoryTeller.Testing.Engine.CellTester.record_actual_calls_mark_missing_value_when_the_expected_value_is_missing" executed="True" result="Success" success="True" time="0.000" asserts="2" />
                      <test-case name="StoryTeller.Testing.Engine.CellTester.record_actual_stores_the_data" executed="True" result="Success" success="True" time="0.000" asserts="1" />
                      <test-case name="StoryTeller.Testing.Engine.CellTester.record_actual_when_the_data_is_right" executed="True" result="Success" success="True" time="0.000" asserts="2" />
                      <test-case name="StoryTeller.Testing.Engine.CellTester.record_actual_when_the_data_is_wrong" executed="True" result="Success" success="True" time="0.000" asserts="3" />
                      <test-case name="StoryTeller.Testing.Engine.CellTester.set_argument_if_argument_is_itestcontext_just_uses_the_itestcontext" executed="True" result="Success" success="True" time="0.000" asserts="1" />
                      <test-case name="StoryTeller.Testing.Engine.CellTester.set_argument_if_the_argument_is_not_simple_pulls_that_argument_from_testcontext" executed="True" result="Success" success="True" time="0.016" asserts="1" />
                      <test-case name="StoryTeller.Testing.Engine.CellTester.to_example_as_a_non_simple_type_copies_the_header_value" executed="True" result="Success" success="True" time="0.000" asserts="1" />
                      <test-case name="StoryTeller.Testing.Engine.CellTester.to_example_as_a_non_simple_type_returns_a_new_cell_of_type_string" executed="True" result="Success" success="True" time="0.000" asserts="4" />
                      <test-case name="StoryTeller.Testing.Engine.CellTester.to_example_as_a_simple_type_returns_self" executed="True" result="Success" success="True" time="0.000" asserts="1" />
                      <test-case name="StoryTeller.Testing.Engine.CellTester.to_example_as_a_timestamp_returns_self" executed="True" result="Success" success="True" time="0.000" asserts="1" />
                      <test-case name="StoryTeller.Testing.Engine.CellTester.use_the_default_value_if_the_main_value_is_missing" executed="True" result="Success" success="True" time="0.000" asserts="1" />
                      <test-case name="StoryTeller.Testing.Engine.CellTester.use_the_default_value_if_the_main_value_is_missing_and_the_cell_is_numeric" executed="True" result="Success" success="True" time="0.000" asserts="1" />
                      <test-case name="StoryTeller.Testing.Engine.CellTester.verify_the_actual_when_the_expected_is_a_null_negative_case" executed="True" result="Success" success="True" time="0.000" asserts="1" />
                      <test-case name="StoryTeller.Testing.Engine.CellTester.verify_the_actual_when_the_expected_is_a_null_positive_case" executed="True" result="Success" success="True" time="0.000" asserts="1" />
                    </results>
                  </test-suite>
                  <test-suite type="TestFixture" name="CheckGrammarTester" executed="True" result="Success" success="True" time="0.047" asserts="0">
                    <results>
                      <test-case name="StoryTeller.Testing.Engine.CheckGrammarTester.happy_path_execute_with_matching_values" executed="True" result="Success" success="True" time="0.000" asserts="1" />
                      <test-case name="StoryTeller.Testing.Engine.CheckGrammarTester.sad_path_with_exception" executed="True" result="Success" success="True" time="0.047" asserts="2" />
                      <test-case name="StoryTeller.Testing.Engine.CheckGrammarTester.sad_path_with_incorrect_data" executed="True" result="Success" success="True" time="0.000" asserts="1" />
                      <test-case name="StoryTeller.Testing.Engine.CheckGrammarTester.sad_path_with_syntax_error" executed="True" result="Success" success="True" time="0.000" asserts="1" />
                    </results>
                  </test-suite>
                  <test-suite type="TestFixture" name="ConfigureObjectGrammarTester" executed="True" result="Success" success="True" time="0.016" asserts="0">
                    <results>
                      <test-case name="StoryTeller.Testing.Engine.ConfigureObjectGrammarTester.simple_valid_case_of_configure_object_working" executed="True" result="Success" success="True" time="0.016" asserts="1" />
                      <test-case name="StoryTeller.Testing.Engine.ConfigureObjectGrammarTester.simple_valid_case_should_not_increment_any_of_the_counts" executed="True" result="Success" success="True" time="0.000" asserts="1" />
                      <test-case name="StoryTeller.Testing.Engine.ConfigureObjectGrammarTester.using_a_default_value" executed="True" result="Success" success="True" time="0.000" asserts="1" />
                    </results>
                  </test-suite>
                  <test-suite type="TestFixture" name="CountsTester" executed="True" result="Success" success="True" time="0.016" asserts="0">
                    <results>
                      <test-case name="StoryTeller.Testing.Engine.CountsTester.add_two_counts" executed="True" result="Success" success="True" time="0.016" asserts="8" />
                      <test-case name="StoryTeller.Testing.Engine.CountsTester.counts_are_all_zero_on_construction" executed="True" result="Success" success="True" time="0.000" asserts="4" />
                      <test-case name="StoryTeller.Testing.Engine.CountsTester.increment_rights" executed="True" result="Success" success="True" time="0.000" asserts="3" />
                      <test-case name="StoryTeller.Testing.Engine.CountsTester.increment_wrongs" executed="True" result="Success" success="True" time="0.000" asserts="3" />
                      <test-case name="StoryTeller.Testing.Engine.CountsTester.is_success" executed="True" result="Success" success="True" time="0.000" asserts="6" />
                      <test-case name="StoryTeller.Testing.Engine.CountsTester.reset_clears_all_counts_to_zero" executed="True" result="Success" success="True" time="0.000" asserts="1" />
                    </results>
                  </test-suite>
                  <test-suite type="TestFixture" name="CreateObjectGrammarTester" executed="True" result="Success" success="True" time="0.000" asserts="0">
                    <results>
                      <test-case name="StoryTeller.Testing.Engine.CreateObjectGrammarTester.happy_path_creates_the_object_and_puts_it_on_the_TestContext" executed="True" result="Success" success="True" time="0.000" asserts="3" />
                      <test-case name="StoryTeller.Testing.Engine.CreateObjectGrammarTester.happy_path_does_not_increment_the_counts" executed="True" result="Success" success="True" time="0.000" asserts="4" />
                      <test-case name="StoryTeller.Testing.Engine.CreateObjectGrammarTester.uses_the_default_value_when_the_step_value_is_undefined" executed="True" result="Success" success="True" time="0.000" asserts="3" />
                    </results>
                  </test-suite>
                  <test-suite type="TestFixture" name="CurriedLineGrammarTester" executed="True" result="Success" success="True" time="0.016" asserts="0">
                    <results>
                      <test-case name="StoryTeller.Testing.Engine.CurriedLineGrammarTester.passes_the_template_to_the_sentence" executed="True" result="Success" success="True" time="0.000" asserts="7" />
                      <test-case name="StoryTeller.Testing.Engine.CurriedLineGrammarTester.should_have_cells_for_an_optional_cell_in_the_inner_that_is_part_of_the_template_in_the_curried_grammar" executed="True" result="Success" success="True" time="0.000" asserts="5" />
                      <test-case name="StoryTeller.Testing.Engine.CurriedLineGrammarTester.should_have_cells_for_everything_that_is_not_optional_in_the_inner_grammar_and_there_is_no_default" executed="True" result="Success" success="True" time="0.016" asserts="4" />
                      <test-case name="StoryTeller.Testing.Engine.CurriedLineGrammarTester.should_have_cells_for_everything_that_is_not_optional_in_the_inner_grammar_and_there_is_no_default_2" executed="True" result="Success" success="True" time="0.000" asserts="5" />
                      <test-case name="StoryTeller.Testing.Engine.CurriedLineGrammarTester.should_have_cells_for_everything_that_is_not_optional_in_the_inner_grammar_and_there_is_no_default_3" executed="True" result="Success" success="True" time="0.000" asserts="4" />
                    </results>
                  </test-suite>
                  <test-suite type="TestFixture" name="DecoratedLineGrammarTester" executed="True" result="Success" success="True" time="0.016" asserts="0">
                    <results>
                      <test-case name="StoryTeller.Testing.Engine.DecoratedLineGrammarTester.executing_the_grammar_runs_the_before_then_the_inner_grammar_then_the_after" executed="True" result="Success" success="True" time="0.016" asserts="4" />
                      <test-case name="StoryTeller.Testing.Engine.DecoratedLineGrammarTester.the_template_should_contain_the_prefix_and_suffix_and_the_inner_template" executed="True" result="Success" success="True" time="0.000" asserts="1" />
                    </results>
                  </test-suite>
                  <test-suite type="TestFixture" name="default_values" executed="True" result="Success" success="True" time="0.000" asserts="0">
                    <results>
                      <test-case name="StoryTeller.Testing.Engine.default_values.the_default_style_should_be_embed" executed="True" result="Success" success="True" time="0.000" asserts="1" />
                    </results>
                  </test-suite>
                  <test-suite type="TestFixture" name="DoGrammarTester" executed="True" result="Success" success="True" time="0.016" asserts="0">
                    <results>
                      <test-case name="StoryTeller.Testing.Engine.DoGrammarTester.calls_the_action_upon_execute" executed="True" result="Success" success="True" time="0.016" asserts="1" />
                      <test-case name="StoryTeller.Testing.Engine.DoGrammarTester.creates_a_dogrammar_structure" executed="True" result="Success" success="True" time="0.000" asserts="2" />
                    </results>
                  </test-suite>
                  <test-suite type="TestFixture" name="EmbeddedSectionGrammarTester" executed="True" result="Success" success="True" time="0.062" asserts="0">
                    <results>
                      <test-case name="StoryTeller.Testing.Engine.EmbeddedSectionGrammarTester.create_an_embeddedSection_grammar_structure" executed="True" result="Success" success="True" time="0.000" asserts="3" />
                      <test-case name="StoryTeller.Testing.Engine.EmbeddedSectionGrammarTester.execute_runs_the_before_step" executed="True" result="Success" success="True" time="0.016" asserts="2" />
                      <test-case name="StoryTeller.Testing.Engine.EmbeddedSectionGrammarTester.execute_runs_the_child_steps_within_the_fixture" executed="True" result="Success" success="True" time="0.031" asserts="0" />
                      <test-case name="StoryTeller.Testing.Engine.EmbeddedSectionGrammarTester.execute_when_the_fixture_setup_fails_should_log_the_exception" executed="True" result="Success" success="True" time="0.000" asserts="1" />
                      <test-case name="StoryTeller.Testing.Engine.EmbeddedSectionGrammarTester.execute_when_the_fixture_teardown_fails_should_log_the_exception" executed="True" result="Success" success="True" time="0.000" asserts="2" />
                      <test-case name="StoryTeller.Testing.Engine.EmbeddedSectionGrammarTester.should_copy_the_style_from_the_grammar" executed="True" result="Success" success="True" time="0.000" asserts="3" />
                      <test-case name="StoryTeller.Testing.Engine.EmbeddedSectionGrammarTester.the_child_step_name_is_the_fixture_alias" executed="True" result="Success" success="True" time="0.000" asserts="1" />
                      <test-case name="StoryTeller.Testing.Engine.EmbeddedSectionGrammarTester.the_label_is_the_fixture_alias_by_default" executed="True" result="Success" success="True" time="0.000" asserts="1" />
                    </results>
                  </test-suite>
                  <test-suite type="TestFixture" name="EmbeddedSectionsTester" executed="True" result="Success" success="True" time="0.406" asserts="0">
                    <results>
                      <test-case name="StoryTeller.Testing.Engine.EmbeddedSectionsTester.run_test" executed="True" result="Success" success="True" time="0.406" asserts="1" />
                    </results>
                  </test-suite>
                  <test-suite type="TestFixture" name="EquivalenceCheckerTester" executed="True" result="Success" success="True" time="0.016" asserts="0">
                    <results>
                      <test-case name="StoryTeller.Testing.Engine.EquivalenceCheckerTester.arrays_are_checked_independently_of_order" executed="True" result="Success" success="True" time="0.000" asserts="3" />
                      <test-case name="StoryTeller.Testing.Engine.EquivalenceCheckerTester.check_a_string" executed="True" result="Success" success="True" time="0.000" asserts="2" />
                      <test-case name="StoryTeller.Testing.Engine.EquivalenceCheckerTester.expected_is_null" executed="True" result="Success" success="True" time="0.000" asserts="2" />
                      <test-case name="StoryTeller.Testing.Engine.EquivalenceCheckerTester.use_equatable_if_possible" executed="True" result="Success" success="True" time="0.000" asserts="2" />
                    </results>
                  </test-suite>
                  <test-suite type="TestFixture" name="FactGrammarTester" executed="True" result="Success" success="True" time="0.016" asserts="0">
                    <results>
                      <test-case name="StoryTeller.Testing.Engine.FactGrammarTester.run_when_the_fact_is_false" executed="True" result="Success" success="True" time="0.000" asserts="1" />
                      <test-case name="StoryTeller.Testing.Engine.FactGrammarTester.run_when_the_fact_is_true" executed="True" result="Success" success="True" time="0.000" asserts="1" />
                      <test-case name="StoryTeller.Testing.Engine.FactGrammarTester.run_with_a_test_context_func" executed="True" result="Success" success="True" time="0.016" asserts="2" />
                    </results>
                  </test-suite>
                  <test-suite type="TestFixture" name="FixtureGraphTester" executed="True" result="Success" success="True" time="0.000" asserts="0">
                    <results>
                      <test-case name="StoryTeller.Testing.Engine.FixtureGraphTester.build_by_assembly" executed="True" result="Success" success="True" time="0.000" asserts="2" />
                      <test-case name="StoryTeller.Testing.Engine.FixtureGraphTester.build_for_app_domain" executed="True" result="Success" success="True" time="0.000" asserts="4" />
                      <test-case name="StoryTeller.Testing.Engine.FixtureGraphTester.throws_exception_for_non_existent_fixture" executed="True" result="Success" success="True" time="0.000" asserts="2" />
                    </results>
                  </test-suite>
                  <test-suite type="TestFixture" name="FixtureTester" executed="True" result="Success" success="True" time="0.016" asserts="0">
                    <results>
                      <test-case name="StoryTeller.Testing.Engine.FixtureTester.add_a_named_grammar" executed="True" result="Success" success="True" time="0.016" asserts="1" />
                      <test-case name="StoryTeller.Testing.Engine.FixtureTester.adding_a_composite_grammar_programmatically" executed="True" result="Success" success="True" time="0.000" asserts="3" />
                      <test-case name="StoryTeller.Testing.Engine.FixtureTester.has_the_TODO_grammar" executed="True" result="Success" success="True" time="0.000" asserts="1" />
                    </results>
                  </test-suite>
                  <test-suite type="TestFixture" name="FrameTester" executed="True" result="Success" success="True" time="0.000" asserts="0">
                    <results>
                      <test-case name="StoryTeller.Testing.Engine.FrameTester.collapse_is_idempotent" executed="True" result="Success" success="True" time="0.000" asserts="1" />
                      <test-case name="StoryTeller.Testing.Engine.FrameTester.collapse_with_a_hierarchy" executed="True" result="Success" success="True" time="0.000" asserts="3" />
                      <test-case name="StoryTeller.Testing.Engine.FrameTester.collapse_with_a_single_child_brings_in_the_exception_text_and_removes_the_child" executed="True" result="Success" success="True" time="0.000" asserts="2" />
                      <test-case name="StoryTeller.Testing.Engine.FrameTester.collapse_with_no_child_does_nothing_and_does_not_blow_up" executed="True" result="Success" success="True" time="0.000" asserts="0" />
                    </results>
                  </test-suite>
                  <test-suite type="TestFixture" name="GrammarBuilderTester" executed="True" result="Success" success="True" time="0.016" asserts="0">
                    <results>
                      <test-case name="StoryTeller.Testing.Engine.GrammarBuilderTester.build_a_grammar_for_a_bool_method" executed="True" result="Success" success="True" time="0.016" asserts="2" />
                      <test-case name="StoryTeller.Testing.Engine.GrammarBuilderTester.build_a_grammar_for_a_method_that_returns_a_grammar" executed="True" result="Success" success="True" time="0.000" asserts="2" />
                      <test-case name="StoryTeller.Testing.Engine.GrammarBuilderTester.build_a_grammar_for_a_method_that_returns_a_primitive" executed="True" result="Success" success="True" time="0.000" asserts="2" />
                      <test-case name="StoryTeller.Testing.Engine.GrammarBuilderTester.build_a_grammar_for_a_void_method" executed="True" result="Success" success="True" time="0.000" asserts="2" />
                      <test-case name="StoryTeller.Testing.Engine.GrammarBuilderTester.get_the_name_using_convention_if_the_alias_as_attribute_does_not_exist" executed="True" result="Success" success="True" time="0.000" asserts="1" />
                      <test-case name="StoryTeller.Testing.Engine.GrammarBuilderTester.get_the_name_using_the_alias_attribute_if_it_exists" executed="True" result="Success" success="True" time="0.000" asserts="1" />
                      <test-case name="StoryTeller.Testing.Engine.GrammarBuilderTester.has_the_aliased_method" executed="True" result="Success" success="True" time="0.000" asserts="2" />
                      <test-case name="StoryTeller.Testing.Engine.GrammarBuilderTester.has_the_correct_number_of_grammars" executed="True" result="Success" success="True" time="0.000" asserts="1" />
                      <test-case name="StoryTeller.Testing.Engine.GrammarBuilderTester.has_the_method_built_grammar" executed="True" result="Success" success="True" time="0.000" asserts="2" />
                    </results>
                  </test-suite>
                  <test-suite type="Namespace" name="Importing" executed="True" result="Success" success="True" time="1.311" asserts="0">
                    <results>
                      <test-suite type="TestFixture" name="GrammarImportTester" executed="True" result="Success" success="True" time="1.295" asserts="0">
                        <results>
                          <test-case name="StoryTeller.Testing.Engine.Importing.GrammarImportTester.create_a_curried_grammar_import" executed="True" result="Success" success="True" time="1.279" asserts="5" />
                          <test-case name="StoryTeller.Testing.Engine.Importing.GrammarImportTester.do_a_straight_import_if_there_is_no_currying" executed="True" result="Success" success="True" time="0.000" asserts="1" />
                        </results>
                      </test-suite>
                      <test-suite type="TestFixture" name="ImportGrammarIntegrationTester" executed="True" result="Success" success="True" time="0.016" asserts="0">
                        <results>
                          <test-case name="StoryTeller.Testing.Engine.Importing.ImportGrammarIntegrationTester.run_a_curried_grammar" executed="True" result="Success" success="True" time="0.000" asserts="1" />
                          <test-case name="StoryTeller.Testing.Engine.Importing.ImportGrammarIntegrationTester.run_a_simple_imported_grammar" executed="True" result="Success" success="True" time="0.000" asserts="1" />
                          <test-case name="StoryTeller.Testing.Engine.Importing.ImportGrammarIntegrationTester.the_imported_grammar_is_able_to_access_test_context_and_retrieve_methods" executed="True" result="Success" success="True" time="0.000" asserts="1" />
                        </results>
                      </test-suite>
                    </results>
                  </test-suite>
                  <test-suite type="TestFixture" name="Library_building_in_FixtureGraph_Tester" executed="True" result="Success" success="True" time="0.000" asserts="0">
                    <results>
                      <test-case name="StoryTeller.Testing.Engine.Library_building_in_FixtureGraph_Tester.read_a_fixture_failure" executed="True" result="Success" success="True" time="0.000" asserts="0" />
                      <test-case name="StoryTeller.Testing.Engine.Library_building_in_FixtureGraph_Tester.read_a_fixture_will_record_the_Title_of_the_fixture_if_it_is_explicitly_set" executed="True" result="Success" success="True" time="0.000" asserts="1" />
                      <test-case name="StoryTeller.Testing.Engine.Library_building_in_FixtureGraph_Tester.read_a_fixture_will_use_the_fixture_name_for_the_title_if_the_fixture_title_is_empty" executed="True" result="Success" success="True" time="0.000" asserts="1" />
                      <test-case name="StoryTeller.Testing.Engine.Library_building_in_FixtureGraph_Tester.read_a_fixture_with_grammar_errors" executed="True" result="Success" success="True" time="0.000" asserts="3" />
                    </results>
                  </test-suite>
                  <test-suite type="Namespace" name="Reflection" executed="True" result="Success" success="True" time="0.016" asserts="0">
                    <results>
                      <test-suite type="TestFixture" name="MethodExtensionsTester" executed="True" result="Success" success="True" time="0.016" asserts="0">
                        <results>
                          <test-case name="StoryTeller.Testing.Engine.Reflection.MethodExtensionsTester.argument_cells_are_not_a_result" executed="True" result="Success" success="True" time="0.000" asserts="2" />
                          <test-case name="StoryTeller.Testing.Engine.Reflection.MethodExtensionsTester.get_template_for_a_method_that_returns_a_value_and_an_exception" executed="True" result="Success" success="True" time="0.000" asserts="1" />
                          <test-case name="StoryTeller.Testing.Engine.Reflection.MethodExtensionsTester.get_template_for_a_method_with_a_return_value_and_no_attribute" executed="True" result="Success" success="True" time="0.000" asserts="1" />
                          <test-case name="StoryTeller.Testing.Engine.Reflection.MethodExtensionsTester.get_template_for_a_method_with_a_return_value_and_no_attribute_for_the_format_but_an_attribute_for_the_return_value" executed="True" result="Success" success="True" time="0.000" asserts="1" />
                          <test-case name="StoryTeller.Testing.Engine.Reflection.MethodExtensionsTester.get_template_for_the_method_if_attribute_is_found" executed="True" result="Success" success="True" time="0.000" asserts="1" />
                          <test-case name="StoryTeller.Testing.Engine.Reflection.MethodExtensionsTester.get_template_for_the_method_if_no_attribute_is_found" executed="True" result="Success" success="True" time="0.000" asserts="1" />
                          <test-case name="StoryTeller.Testing.Engine.Reflection.MethodExtensionsTester.get_the_argument_cells_for_a_method" executed="True" result="Success" success="True" time="0.000" asserts="0" />
                          <test-case name="StoryTeller.Testing.Engine.Reflection.MethodExtensionsTester.get_the_argument_cells_for_a_method_that_has_a_non_primitive" executed="True" result="Success" success="True" time="0.000" asserts="0" />
                          <test-case name="StoryTeller.Testing.Engine.Reflection.MethodExtensionsTester.get_the_return_cell_with_a_return_alias" executed="True" result="Success" success="True" time="0.000" asserts="1" />
                          <test-case name="StoryTeller.Testing.Engine.Reflection.MethodExtensionsTester.get_the_return_cell_without_a_return_alias" executed="True" result="Success" success="True" time="0.000" asserts="1" />
                          <test-case name="StoryTeller.Testing.Engine.Reflection.MethodExtensionsTester.get_the_return_value_name" executed="True" result="Success" success="True" time="0.000" asserts="2" />
                          <test-case name="StoryTeller.Testing.Engine.Reflection.MethodExtensionsTester.the_return_cell_is_a_result_cell" executed="True" result="Success" success="True" time="0.000" asserts="1" />
                        </results>
                      </test-suite>
                    </results>
                  </test-suite>
                  <test-suite type="TestFixture" name="ReflectionActionTester" executed="True" result="Success" success="True" time="0.016" asserts="0">
                    <results>
                      <test-case name="StoryTeller.Testing.Engine.ReflectionActionTester.creates_grammar_structure" executed="True" result="Success" success="True" time="0.000" asserts="3" />
                      <test-case name="StoryTeller.Testing.Engine.ReflectionActionTester.execute_the_void_action_and_missing_an_argument" executed="True" result="Success" success="True" time="0.000" asserts="1" />
                      <test-case name="StoryTeller.Testing.Engine.ReflectionActionTester.execute_the_void_action_that_would_catch_an_exception" executed="True" result="Success" success="True" time="0.016" asserts="2" />
                      <test-case name="StoryTeller.Testing.Engine.ReflectionActionTester.execute_the_void_action_with_a_parse_error" executed="True" result="Success" success="True" time="0.000" asserts="0" />
                      <test-case name="StoryTeller.Testing.Engine.ReflectionActionTester.execute_the_void_action_with_all_the_arguments" executed="True" result="Success" success="True" time="0.000" asserts="2" />
                      <test-case name="StoryTeller.Testing.Engine.ReflectionActionTester.executing_with_an_exception_in_the_target_method_increments_the_exception_count" executed="True" result="Success" success="True" time="0.000" asserts="1" />
                      <test-case name="StoryTeller.Testing.Engine.ReflectionActionTester.get_template_for_the_method_if_attribute_is_found" executed="True" result="Success" success="True" time="0.000" asserts="1" />
                      <test-case name="StoryTeller.Testing.Engine.ReflectionActionTester.get_template_for_the_method_if_no_attribute_is_found" executed="True" result="Success" success="True" time="0.000" asserts="1" />
                    </results>
                  </test-suite>
                  <test-suite type="TestFixture" name="ReflectionAssertionTester" executed="True" result="Success" success="True" time="0.016" asserts="0">
                    <results>
                      <test-case name="StoryTeller.Testing.Engine.ReflectionAssertionTester.cannot_make_an_assertion_out_of_a_method_that_does_not_return_bool" executed="True" result="Success" success="True" time="0.016" asserts="0" />
                      <test-case name="StoryTeller.Testing.Engine.ReflectionAssertionTester.execute_successfully" executed="True" result="Success" success="True" time="0.000" asserts="3" />
                      <test-case name="StoryTeller.Testing.Engine.ReflectionAssertionTester.execute_with_exception" executed="True" result="Success" success="True" time="0.000" asserts="4" />
                      <test-case name="StoryTeller.Testing.Engine.ReflectionAssertionTester.execute_with_false" executed="True" result="Success" success="True" time="0.000" asserts="3" />
                      <test-case name="StoryTeller.Testing.Engine.ReflectionAssertionTester.get_the_cells" executed="True" result="Success" success="True" time="0.000" asserts="0" />
                    </results>
                  </test-suite>
                  <test-suite type="TestFixture" name="ReflectionValueCheckTester" executed="True" result="Success" success="True" time="0.016" asserts="0">
                    <results>
                      <test-case name="StoryTeller.Testing.Engine.ReflectionValueCheckTester.create_a_grammar_structure" executed="True" result="Success" success="True" time="0.000" asserts="3" />
                      <test-case name="StoryTeller.Testing.Engine.ReflectionValueCheckTester.execute_the_method_with_a_step_and_store_the_actual" executed="True" result="Success" success="True" time="0.000" asserts="1" />
                      <test-case name="StoryTeller.Testing.Engine.ReflectionValueCheckTester.make_the_last_parameter_the_output_cell_if_not_aliased" executed="True" result="Success" success="True" time="0.000" asserts="4" />
                      <test-case name="StoryTeller.Testing.Engine.ReflectionValueCheckTester.marks_the_testdata_with_right_if_the_actual_matches_the_expected" executed="True" result="Success" success="True" time="0.000" asserts="1" />
                      <test-case name="StoryTeller.Testing.Engine.ReflectionValueCheckTester.marks_the_testdata_with_wrong_if_the_actual_is_wrong" executed="True" result="Success" success="True" time="0.000" asserts="1" />
                    </results>
                  </test-suite>
                  <test-suite type="TestFixture" name="SectionTester" executed="True" result="Success" success="True" time="0.047" asserts="0">
                    <results>
                      <test-case name="StoryTeller.Testing.Engine.SectionTester.accept_visitor_calls_into_steps_as_well" executed="True" result="Success" success="True" time="0.031" asserts="0" />
                      <test-case name="StoryTeller.Testing.Engine.SectionTester.accept_visitor_calls_the_right_method" executed="True" result="Success" success="True" time="0.000" asserts="0" />
                      <test-case name="StoryTeller.Testing.Engine.SectionTester.add_comment" executed="True" result="Success" success="True" time="0.000" asserts="4" />
                      <test-case name="StoryTeller.Testing.Engine.SectionTester.GetName_is_the_Label_if_it_exists" executed="True" result="Success" success="True" time="0.000" asserts="1" />
                      <test-case name="StoryTeller.Testing.Engine.SectionTester.GetName_uses_the_fixture_name_if_it_exists" executed="True" result="Success" success="True" time="0.000" asserts="1" />
                      <test-case name="StoryTeller.Testing.Engine.SectionTester.GetName_uses_the_name_property_from_the_fixture_object" executed="True" result="Success" success="True" time="0.000" asserts="1" />
                      <test-case name="StoryTeller.Testing.Engine.SectionTester.section_starts_the_new_fixture" executed="True" result="Success" success="True" time="0.000" asserts="0" />
                      <test-case name="StoryTeller.Testing.Engine.SectionTester.section_starts_the_new_fixture_on_execute_by_key" executed="True" result="Success" success="True" time="0.000" asserts="0" />
                    </results>
                  </test-suite>
                  <test-suite type="TestFixture" name="SelectionListTester" executed="True" result="Success" success="True" time="0.016" asserts="0">
                    <results>
                      <test-case name="StoryTeller.Testing.Engine.SelectionListTester.read_explicit_selection_values_on_return_value" executed="True" result="Success" success="True" time="0.000" asserts="7" />
                      <test-case name="StoryTeller.Testing.Engine.SelectionListTester.read_on_sentence_by_explicit_list" executed="True" result="Success" success="True" time="0.000" asserts="7" />
                      <test-case name="StoryTeller.Testing.Engine.SelectionListTester.read_on_sentence_by_key" executed="True" result="Success" success="True" time="0.000" asserts="8" />
                      <test-case name="StoryTeller.Testing.Engine.SelectionListTester.read_on_table" executed="True" result="Success" success="True" time="0.000" asserts="7" />
                      <test-case name="StoryTeller.Testing.Engine.SelectionListTester.read_values_on_return_value_by_key" executed="True" result="Success" success="True" time="0.000" asserts="8" />
                    </results>
                  </test-suite>
                  <test-suite type="TestFixture" name="SelectionValueAttributeTester" executed="True" result="Success" success="True" time="0.000" asserts="0">
                    <results>
                      <test-case name="StoryTeller.Testing.Engine.SelectionValueAttributeTester.set_the_list_value_when_the_attribute_has_an_enum_type" executed="True" result="Success" success="True" time="0.000" asserts="6" />
                      <test-case name="StoryTeller.Testing.Engine.SelectionValueAttributeTester.set_the_list_value_when_the_attribute_has_the_values_set_explicitly" executed="True" result="Success" success="True" time="0.000" asserts="5" />
                      <test-case name="StoryTeller.Testing.Engine.SelectionValueAttributeTester.set_the_list_value_when_the_attribute_only_has_the_key_value" executed="True" result="Success" success="True" time="0.000" asserts="6" />
                    </results>
                  </test-suite>
                  <test-suite type="TestFixture" name="ServiceActionGrammarTester" executed="True" result="Success" success="True" time="0.062" asserts="0">
                    <results>
                      <test-case name="StoryTeller.Testing.Engine.ServiceActionGrammarTester.create_a_grammar_structure" executed="True" result="Success" success="True" time="0.000" asserts="3" />
                      <test-case name="StoryTeller.Testing.Engine.ServiceActionGrammarTester.execute_picks_up_the_correct_cell" executed="True" result="Success" success="True" time="0.031" asserts="0" />
                      <test-case name="StoryTeller.Testing.Engine.ServiceActionGrammarTester.GetCells" executed="True" result="Success" success="True" time="0.000" asserts="2" />
                      <test-case name="StoryTeller.Testing.Engine.ServiceActionGrammarTester.run_from_fixture_expression_with_an_input" executed="True" result="Success" success="True" time="0.000" asserts="2" />
                      <test-case name="StoryTeller.Testing.Engine.ServiceActionGrammarTester.run_from_fixture_expression_with_an_input_that_uses_the_test_context" executed="True" result="Success" success="True" time="0.000" asserts="1" />
                      <test-case name="StoryTeller.Testing.Engine.ServiceActionGrammarTester.run_from_fixture_expression_with_an_input_that_uses_the_test_context_2" executed="True" result="Success" success="True" time="0.000" asserts="1" />
                      <test-case name="StoryTeller.Testing.Engine.ServiceActionGrammarTester.run_from_the_fixture_expression_with_no_inputs" executed="True" result="Success" success="True" time="0.000" asserts="2" />
                      <test-case name="StoryTeller.Testing.Engine.ServiceActionGrammarTester.use_default_values" executed="True" result="Success" success="True" time="0.016" asserts="1" />
                    </results>
                  </test-suite>
                  <test-suite type="TestFixture" name="ServiceAssertionGrammarTester" executed="True" result="Success" success="True" time="0.000" asserts="0">
                    <results>
                      <test-case name="StoryTeller.Testing.Engine.ServiceAssertionGrammarTester.create_a_grammar_structure" executed="True" result="Success" success="True" time="0.000" asserts="3" />
                      <test-case name="StoryTeller.Testing.Engine.ServiceAssertionGrammarTester.execute_records_the_actual" executed="True" result="Success" success="True" time="0.000" asserts="2" />
                      <test-case name="StoryTeller.Testing.Engine.ServiceAssertionGrammarTester.GetCells" executed="True" result="Success" success="True" time="0.000" asserts="3" />
                    </results>
                  </test-suite>
                  <test-suite type="TestFixture" name="SetPropertyGrammarTester" executed="True" result="Success" success="True" time="0.031" asserts="0">
                    <results>
                      <test-case name="StoryTeller.Testing.Engine.SetPropertyGrammarTester.create_a_grammar_structure" executed="True" result="Success" success="True" time="0.000" asserts="3" />
                      <test-case name="StoryTeller.Testing.Engine.SetPropertyGrammarTester.sets_a_numeric_property_happy_path" executed="True" result="Success" success="True" time="0.000" asserts="1" />
                      <test-case name="StoryTeller.Testing.Engine.SetPropertyGrammarTester.sets_a_numeric_property_happy_path_with_a_default_value" executed="True" result="Success" success="True" time="0.000" asserts="1" />
                      <test-case name="StoryTeller.Testing.Engine.SetPropertyGrammarTester.sets_a_simple_property_happy_path" executed="True" result="Success" success="True" time="0.000" asserts="1" />
                      <test-case name="StoryTeller.Testing.Engine.SetPropertyGrammarTester.try_to_set_property_when_the_current_object_is_missing" executed="True" result="Success" success="True" time="0.016" asserts="1" />
                    </results>
                  </test-suite>
                  <test-suite type="Namespace" name="Sets" executed="True" result="Success" success="True" time="0.250" asserts="0">
                    <results>
                      <test-suite type="TestFixture" name="can_compare_nulls_and_blanks" executed="True" result="Success" success="True" time="0.016" asserts="0">
                        <results>
                          <test-case name="StoryTeller.Testing.Engine.Sets.can_compare_nulls_and_blanks.should_have_succeeded" executed="True" result="Success" success="True" time="0.016" asserts="1" />
                          <test-case name="StoryTeller.Testing.Engine.Sets.can_compare_nulls_and_blanks.the_results_should_completely_match" executed="True" result="Success" success="True" time="0.000" asserts="1" />
                        </results>
                      </test-suite>
                      <test-suite type="TestFixture" name="DataColumnMatchTester" executed="True" result="Success" success="True" time="0.078" asserts="0">
                        <results>
                          <test-case name="StoryTeller.Testing.Engine.Sets.DataColumnMatchTester.get_cell" executed="True" result="Success" success="True" time="0.047" asserts="4" />
                          <test-case name="StoryTeller.Testing.Engine.Sets.DataColumnMatchTester.read_step_successfully_if_it_exists_and_is_formatted_correctly" executed="True" result="Success" success="True" time="0.000" asserts="6" />
                          <test-case name="StoryTeller.Testing.Engine.Sets.DataColumnMatchTester.read_the_actual_values" executed="True" result="Success" success="True" time="0.000" asserts="6" />
                        </results>
                      </test-suite>
                      <test-suite type="TestFixture" name="DataRowSetTesting" executed="True" result="Success" success="True" time="0.031" asserts="0">
                        <results>
                          <test-case name="StoryTeller.Testing.Engine.Sets.DataRowSetTesting.run_a_test_with_a_fixture_defined_with_a_grammar_that_does_not_have_before_steps_that_does_not_match" executed="True" result="Success" success="True" time="0.016" asserts="1" />
                          <test-case name="StoryTeller.Testing.Engine.Sets.DataRowSetTesting.run_a_test_with_a_fixture_defined_with_a_grammar_that_does_not_have_before_steps_that_does_not_match_2" executed="True" result="Success" success="True" time="0.000" asserts="1" />
                          <test-case name="StoryTeller.Testing.Engine.Sets.DataRowSetTesting.run_a_test_with_a_fixture_defined_with_a_grammar_that_has_before_steps" executed="True" result="Success" success="True" time="0.000" asserts="1" />
                          <test-case name="StoryTeller.Testing.Engine.Sets.DataRowSetTesting.run_a_test_with_a_fixture_defined_with_a_grammar_that_has_before_steps_that_does_not_match" executed="True" result="Success" success="True" time="0.016" asserts="1" />
                        </results>
                      </test-suite>
                      <test-suite type="TestFixture" name="ObjectComparerTester" executed="True" result="Success" success="True" time="0.000" asserts="0">
                        <results>
                          <test-case name="StoryTeller.Testing.Engine.Sets.ObjectComparerTester.get_cells_has_a_cell_for_each_property" executed="True" result="Success" success="True" time="0.000" asserts="0" />
                        </results>
                      </test-suite>
                      <test-suite type="TestFixture" name="PropertyMatchTester" executed="True" result="Success" success="True" time="0.000" asserts="0">
                        <results>
                          <test-case name="StoryTeller.Testing.Engine.Sets.PropertyMatchTester.builds_the_correct_cell" executed="True" result="Success" success="True" time="0.000" asserts="1" />
                          <test-case name="StoryTeller.Testing.Engine.Sets.PropertyMatchTester.read_correctly_formatted_step_value" executed="True" result="Success" success="True" time="0.000" asserts="1" />
                          <test-case name="StoryTeller.Testing.Engine.Sets.PropertyMatchTester.read_incorrectly_formatted_step_value_increments_syntax_error" executed="True" result="Success" success="True" time="0.000" asserts="1" />
                          <test-case name="StoryTeller.Testing.Engine.Sets.PropertyMatchTester.reads_actual_off_the_target_object" executed="True" result="Success" success="True" time="0.000" asserts="1" />
                        </results>
                      </test-suite>
                      <test-suite type="TestFixture" name="SetRowTester" executed="True" result="Success" success="True" time="0.016" asserts="0">
                        <results>
                          <test-case name="StoryTeller.Testing.Engine.Sets.SetRowTester.matches_is_false_for_two_properties" executed="True" result="Success" success="True" time="0.000" asserts="1" />
                          <test-case name="StoryTeller.Testing.Engine.Sets.SetRowTester.matches_is_false_when_a_property_is_missing_in_the_expected" executed="True" result="Success" success="True" time="0.000" asserts="1" />
                          <test-case name="StoryTeller.Testing.Engine.Sets.SetRowTester.matches_is_false_when_the_matcher_has_overriden_the_comparison_mechanism" executed="True" result="Success" success="True" time="0.000" asserts="1" />
                          <test-case name="StoryTeller.Testing.Engine.Sets.SetRowTester.matches_is_true_when_the_matcher_has_overriden_comparison_mechanism" executed="True" result="Success" success="True" time="0.000" asserts="1" />
                          <test-case name="StoryTeller.Testing.Engine.Sets.SetRowTester.matches_is_true_with_two_properties" executed="True" result="Success" success="True" time="0.000" asserts="1" />
                          <test-case name="StoryTeller.Testing.Engine.Sets.SetRowTester.never_matches_if_there_are_missing_values" executed="True" result="Success" success="True" time="0.000" asserts="1" />
                        </results>
                      </test-suite>
                      <test-suite type="TestFixture" name="SetVerificationTesting" executed="True" result="Success" success="True" time="0.047" asserts="0">
                        <results>
                          <test-case name="StoryTeller.Testing.Engine.Sets.SetVerificationTesting.run_a_completely_matching_test_1" executed="True" result="Success" success="True" time="0.000" asserts="1" />
                          <test-case name="StoryTeller.Testing.Engine.Sets.SetVerificationTesting.run_a_completely_matching_test_2" executed="True" result="Success" success="True" time="0.000" asserts="1" />
                          <test-case name="StoryTeller.Testing.Engine.Sets.SetVerificationTesting.run_a_matching_test_with_more_duplicate_rows_than_expected" executed="True" result="Success" success="True" time="0.000" asserts="1" />
                          <test-case name="StoryTeller.Testing.Engine.Sets.SetVerificationTesting.run_a_matching_test_with_other_rows_as_well" executed="True" result="Success" success="True" time="0.000" asserts="1" />
                          <test-case name="StoryTeller.Testing.Engine.Sets.SetVerificationTesting.run_a_matching_test_with_rows_that_have_same_values" executed="True" result="Success" success="True" time="0.000" asserts="1" />
                          <test-case name="StoryTeller.Testing.Engine.Sets.SetVerificationTesting.run_a_test_with_a_fixture_defined_with_a_grammar_that_has_before_steps" executed="True" result="Success" success="True" time="0.000" asserts="1" />
                          <test-case name="StoryTeller.Testing.Engine.Sets.SetVerificationTesting.run_a_test_with_all_matches_but_in_wrong_order" executed="True" result="Success" success="True" time="0.000" asserts="1" />
                          <test-case name="StoryTeller.Testing.Engine.Sets.SetVerificationTesting.run_a_test_with_matches_and_missing_and_extras" executed="True" result="Success" success="True" time="0.000" asserts="1" />
                          <test-case name="StoryTeller.Testing.Engine.Sets.SetVerificationTesting.run_a_test_with_one_extra_row" executed="True" result="Success" success="True" time="0.000" asserts="1" />
                          <test-case name="StoryTeller.Testing.Engine.Sets.SetVerificationTesting.run_a_test_with_one_missing_expected_row" executed="True" result="Success" success="True" time="0.000" asserts="1" />
                          <test-case name="StoryTeller.Testing.Engine.Sets.SetVerificationTesting.when_writing_the_grammar_structure" executed="True" result="Success" success="True" time="0.000" asserts="3" />
                        </results>
                      </test-suite>
                      <test-suite type="TestFixture" name="StringComparerTester" executed="True" result="Success" success="True" time="0.016" asserts="0">
                        <results>
                          <test-case name="StoryTeller.Testing.Engine.Sets.StringComparerTester.get_cells_gets_one_cell_with_string_and_step_name_looking_for_expected" executed="True" result="Success" success="True" time="0.000" asserts="1" />
                          <test-case name="StoryTeller.Testing.Engine.Sets.StringComparerTester.returns_itself_as_the_only_property" executed="True" result="Success" success="True" time="0.000" asserts="2" />
                          <test-case name="StoryTeller.Testing.Engine.Sets.StringComparerTester.run_integrated_fail_with_extra_data" executed="True" result="Success" success="True" time="0.016" asserts="1" />
                          <test-case name="StoryTeller.Testing.Engine.Sets.StringComparerTester.run_integrated_fail_with_missing_data" executed="True" result="Success" success="True" time="0.000" asserts="1" />
                          <test-case name="StoryTeller.Testing.Engine.Sets.StringComparerTester.run_integrated_success" executed="True" result="Success" success="True" time="0.000" asserts="1" />
                          <test-case name="StoryTeller.Testing.Engine.Sets.StringComparerTester.when_creating_the_actual_row" executed="True" result="Success" success="True" time="0.000" asserts="1" />
                          <test-case name="StoryTeller.Testing.Engine.Sets.StringComparerTester.when_creating_the_expected_row" executed="True" result="Success" success="True" time="0.000" asserts="1" />
                        </results>
                      </test-suite>
                      <test-suite type="TestFixture" name="when_doing_set_verification_with_missing_rows" executed="True" result="Success" success="True" time="0.016" asserts="0">
                        <results>
                          <test-case name="StoryTeller.Testing.Engine.Sets.when_doing_set_verification_with_missing_rows.should_be_in_the_order_of_the_expected_set" executed="True" result="Success" success="True" time="0.000" asserts="5" />
                          <test-case name="StoryTeller.Testing.Engine.Sets.when_doing_set_verification_with_missing_rows.should_have_rows_for_all_the_expected_rows" executed="True" result="Success" success="True" time="0.000" asserts="1" />
                          <test-case name="StoryTeller.Testing.Engine.Sets.when_doing_set_verification_with_missing_rows.the_missing_rows_should_be_tagged_as_missing" executed="True" result="Success" success="True" time="0.000" asserts="1" />
                        </results>
                      </test-suite>
[...]
                  <test-case name="StoryTeller.Testing.TestTester.toggle_the_lifecycle_from_regression" executed="True" result="Success" success="True" time="0.000" asserts="1" />
                  <test-case name="StoryTeller.Testing.TestTester.use_filename_derived_from_test_name_if_the_filename_is_not_supplied" executed="True" result="Success" success="True" time="0.000" asserts="1" />
                  <test-case name="StoryTeller.Testing.TestTester.use_filename_derived_from_test_name_if_the_filename_is_not_supplied_and_replaces_spaces" executed="True" result="Success" success="True" time="0.000" asserts="1" />
                  <test-case name="StoryTeller.Testing.TestTester.use_saved_filename_if_it_exists" executed="True" result="Success" success="True" time="0.000" asserts="1" />
                </results>
              </test-suite>
              <test-suite type="TestFixture" name="when_finding_the_first_key" executed="True" result="Success" success="True" time="0.000" asserts="0">
                <results>
                  <test-case name="StoryTeller.Testing.when_finding_the_first_key.the_first_key" executed="True" result="Success" success="True" time="0.000" asserts="1" />
                </results>
              </test-suite>
              <test-suite type="TestFixture" name="when_reading_an_invalid_format" executed="True" result="Success" success="True" time="0.000" asserts="0">
                <results>
                  <test-case name="StoryTeller.Testing.when_reading_an_invalid_format.exception_message_should_specify_missing_and_extra" executed="True" result="Success" success="True" time="0.000" asserts="1" />
                  <test-case name="StoryTeller.Testing.when_reading_an_invalid_format.should_throw_an_exception_with_both_extra_and_missing_values" executed="True" result="Success" success="True" time="0.000" asserts="1" />
                  <test-case name="StoryTeller.Testing.when_reading_an_invalid_format.should_throw_an_exception_with_extra_values" executed="True" result="Success" success="True" time="0.000" asserts="1" />
                  <test-case name="StoryTeller.Testing.when_reading_an_invalid_format.should_throw_an_exception_with_missing_values" executed="True" result="Success" success="True" time="0.000" asserts="1" />
                </results>
              </test-suite>
              <test-suite type="Namespace" name="Workspace" executed="True" result="Success" success="True" time="0.172" asserts="0">
                <results>
                  <test-suite type="TestFixture" name="FileSystemTester" executed="True" result="Success" success="True" time="0.062" asserts="0">
                    <results>
                      <test-case name="StoryTeller.Testing.Workspace.FileSystemTester.GetSubfoldersForADirectory" executed="True" result="Success" success="True" time="0.016" asserts="3" />
                      <test-case name="StoryTeller.Testing.Workspace.FileSystemTester.GetSubFoldersShouldNotReturnHiddenDirectoriesEvenIfTheyHaveOtherAttributes" executed="True" result="Success" success="True" time="0.016" asserts="2" />
                      <test-case name="StoryTeller.Testing.Workspace.FileSystemTester.save_and_load_an_object_to_xml" executed="True" result="Success" success="True" time="0.016" asserts="2" />
                      <test-case name="StoryTeller.Testing.Workspace.FileSystemTester.WriteAndReadText" executed="True" result="Success" success="True" time="0.016" asserts="1" />
                      <test-case name="StoryTeller.Testing.Workspace.FileSystemTester.WriteToFileSmokeTest" executed="True" result="Success" success="True" time="0.000" asserts="0" />
                    </results>
                  </test-suite>
                  <test-suite type="TestFixture" name="LazyTestXmlReaderTester" executed="True" result="Success" success="True" time="0.000" asserts="0">
                    <results>
                      <test-case name="StoryTeller.Testing.Workspace.LazyTestXmlReaderTester.can_load_the_parts_smoke_test" executed="True" result="Success" success="True" time="0.000" asserts="1" />
                      <test-case name="StoryTeller.Testing.Workspace.LazyTestXmlReaderTester.picks_up_the_lifecycle_from_the_xml" executed="True" result="Success" success="True" time="0.000" asserts="1" />
                      <test-case name="StoryTeller.Testing.Workspace.LazyTestXmlReaderTester.picks_up_the_name_from_the_xml" executed="True" result="Success" success="True" time="0.000" asserts="1" />
                    </results>
                  </test-suite>
                  <test-suite type="TestFixture" name="ProjectTester" executed="True" result="Success" success="True" time="0.031" asserts="0">
                    <results>
                      <test-case name="StoryTeller.Testing.Workspace.ProjectTester.create_a_directory" executed="True" result="Success" success="True" time="0.016" asserts="2" />
                      <test-case name="StoryTeller.Testing.Workspace.ProjectTester.default_binary_folder" executed="True" result="Success" success="True" time="0.000" asserts="1" />
                      <test-case name="StoryTeller.Testing.Workspace.ProjectTester.default_compile_target" executed="True" result="Success" success="True" time="0.000" asserts="1" />
                      <test-case name="StoryTeller.Testing.Workspace.ProjectTester.default_test_folder" executed="True" result="Success" success="True" time="0.000" asserts="1" />
                      <test-case name="StoryTeller.Testing.Workspace.ProjectTester.delete_a_test_file" executed="True" result="Success" success="True" time="0.000" asserts="2" />
                      <test-case name="StoryTeller.Testing.Workspace.ProjectTester.get_test_path" executed="True" result="Success" success="True" time="0.016" asserts="3" />
                      <test-case name="StoryTeller.Testing.Workspace.ProjectTester.get_test_path_when_the_test_overrides_the_file_name" executed="True" result="Success" success="True" time="0.000" asserts="1" />
                      <test-case name="StoryTeller.Testing.Workspace.ProjectTester.get_the_test_path_of_a_test_at_the_hierarchy_scope" executed="True" result="Success" success="True" time="0.000" asserts="1" />
                      <test-case name="StoryTeller.Testing.Workspace.ProjectTester.GetBaseFolder" executed="True" result="Success" success="True" time="0.000" asserts="1" />
                      <test-case name="StoryTeller.Testing.Workspace.ProjectTester.GetBaseFolderReturnsEmptyStringIfNoFileNameIsSet" executed="True" result="Success" success="True" time="0.000" asserts="1" />
                      <test-case name="StoryTeller.Testing.Workspace.ProjectTester.save_and_load_a_test" executed="True" result="Success" success="True" time="0.000" asserts="3" />
                      <test-case name="StoryTeller.Testing.Workspace.ProjectTester.use_the_compile_target_to_determine_the_binary_folder" executed="True" result="Success" success="True" time="0.000" asserts="1" />
                      <test-case name="StoryTeller.Testing.Workspace.ProjectTester.use_the_overridden_binary_folder_if_desired" executed="True" result="Success" success="True" time="0.000" asserts="1" />
                    </results>
                  </test-suite>
                  <test-suite type="TestFixture" name="ProjectValidationTester" executed="True" result="Success" success="True" time="0.016" asserts="0">
                    <results>
                      <test-case name="StoryTeller.Testing.Workspace.ProjectValidationTester.fail_validation_if_the_binary_folder_does_not_exist" executed="True" result="Success" success="True" time="0.000" asserts="4" />
                      <test-case name="StoryTeller.Testing.Workspace.ProjectValidationTester.fail_validation_if_the_binary_folder_is_blank" executed="True" result="Success" success="True" time="0.000" asserts="4" />
                      <test-case name="StoryTeller.Testing.Workspace.ProjectValidationTester.fail_validation_if_the_test_folder_cannot_be_found" executed="True" result="Success" success="True" time="0.000" asserts="4" />
                      <test-case name="StoryTeller.Testing.Workspace.ProjectValidationTester.fail_validation_if_the_test_folder_is_blank" executed="True" result="Success" success="True" time="0.000" asserts="4" />
                      <test-case name="StoryTeller.Testing.Workspace.ProjectValidationTester.fixture_assembly_is_not_specified_by_system_is" executed="True" result="Success" success="True" time="0.000" asserts="1" />
                      <test-case name="StoryTeller.Testing.Workspace.ProjectValidationTester.fixture_is_specified_but_not_system_still_valid" executed="True" result="Success" success="True" time="0.000" asserts="1" />
                      <test-case name="StoryTeller.Testing.Workspace.ProjectValidationTester.name_is_missing" executed="True" result="Success" success="True" time="0.000" asserts="4" />
                      <test-case name="StoryTeller.Testing.Workspace.ProjectValidationTester.neither_system_nor_fixture_assembly_are_specified" executed="True" result="Success" success="True" time="0.000" asserts="4" />
                      <test-case name="StoryTeller.Testing.Workspace.ProjectValidationTester.successful_validation_case" executed="True" result="Success" success="True" time="0.000" asserts="1" />
                    </results>
                  </test-suite>
                  <test-suite type="TestFixture" name="when_determining_the_config_file_if_none_specified" executed="True" result="Success" success="True" time="0.031" asserts="0">
                    <results>
                      <test-case name="StoryTeller.Testing.Workspace.when_determining_the_config_file_if_none_specified.use_app_config_if_it_exists" executed="True" result="Success" success="True" time="0.016" asserts="1" />
                      <test-case name="StoryTeller.Testing.Workspace.when_determining_the_config_file_if_none_specified.use_app_config_if_it_exists_2" executed="True" result="Success" success="True" time="0.000" asserts="1" />
                      <test-case name="StoryTeller.Testing.Workspace.when_determining_the_config_file_if_none_specified.use_assembly_name_dll_config_file_if_it_exists" executed="True" result="Success" success="True" time="0.000" asserts="1" />
                      <test-case name="StoryTeller.Testing.Workspace.when_determining_the_config_file_if_none_specified.use_web_config_if_it_exists" executed="True" result="Success" success="True" time="0.000" asserts="1" />
                      <test-case name="StoryTeller.Testing.Workspace.when_determining_the_config_file_if_none_specified.use_web_config_if_it_exists_2" executed="True" result="Success" success="True" time="0.000" asserts="1" />
                    </results>
                  </test-suite>
                  <test-suite type="TestFixture" name="when_renaming_a_file" executed="True" result="Success" success="True" time="0.031" asserts="0">
                    <results>
                      <test-case name="StoryTeller.Testing.Workspace.when_renaming_a_file.the_new_file_name_should_reflect_the_new_name" executed="True" result="Success" success="True" time="0.000" asserts="1" />
                      <test-case name="StoryTeller.Testing.Workspace.when_renaming_a_file.the_new_test_name_should_be_set" executed="True" result="Success" success="True" time="0.000" asserts="1" />
                      <test-case name="StoryTeller.Testing.Workspace.when_renaming_a_file.the_old_file_should_be_deleted" executed="True" result="Success" success="True" time="0.000" asserts="1" />
                      <test-case name="StoryTeller.Testing.Workspace.when_renaming_a_file.the_test_should_now_be_saved_at_the_new_file_location" executed="True" result="Success" success="True" time="0.016" asserts="3" />
                    </results>
                  </test-suite>
                </results>
              </test-suite>
              <test-suite type="Namespace" name="Xml" executed="True" result="Success" success="True" time="0.094" asserts="0">
                <results>
                  <test-suite type="TestFixture" name="reading_the_lifecycle" executed="True" result="Success" success="True" time="0.000" asserts="0">
                    <results>
                      <test-case name="StoryTeller.Testing.Xml.reading_the_lifecycle.lifecycle_is_acceptance_by_default" executed="True" result="Success" success="True" time="0.000" asserts="1" />
                      <test-case name="StoryTeller.Testing.Xml.reading_the_lifecycle.read_acceptance_from_node" executed="True" result="Success" success="True" time="0.000" asserts="1" />
                      <test-case name="StoryTeller.Testing.Xml.reading_the_lifecycle.read_regression_from_node" executed="True" result="Success" success="True" time="0.000" asserts="1" />
                    </results>
                  </test-suite>
                  <test-suite type="TestFixture" name="when_reading_a_comment" executed="True" result="Success" success="True" time="0.000" asserts="0">
                    <results>
                      <test-case name="StoryTeller.Testing.Xml.when_reading_a_comment.create_a_comment_object_for_a_Comment_node" executed="True" result="Success" success="True" time="0.000" asserts="3" />
                      <test-case name="StoryTeller.Testing.Xml.when_reading_a_comment.read_a_comment_from_directly_under_the_test_node" executed="True" result="Success" success="True" time="0.000" asserts="3" />
                    </results>
                  </test-suite>
                  <test-suite type="TestFixture" name="when_reading_a_section" executed="True" result="Success" success="True" time="0.016" asserts="0">
                    <results>
                      <test-case name="StoryTeller.Testing.Xml.when_reading_a_section.got_the_correct_grammar_names_of_the_steps" executed="True" result="Success" success="True" time="0.016" asserts="9" />
                      <test-case name="StoryTeller.Testing.Xml.when_reading_a_section.has_a_step_for_each_child_node" executed="True" result="Success" success="True" time="0.000" asserts="1" />
                      <test-case name="StoryTeller.Testing.Xml.when_reading_a_section.section_name_should_be_the_node_name" executed="True" result="Success" success="True" time="0.000" asserts="1" />
                    </results>
                  </test-suite>
                  <test-suite type="TestFixture" name="when_reading_a_step" executed="True" result="Success" success="True" time="0.000" asserts="0">
                    <results>
                      <test-case name="StoryTeller.Testing.Xml.when_reading_a_step.should_get_the_grammar_name" executed="True" result="Success" success="True" time="0.000" asserts="1" />
                      <test-case name="StoryTeller.Testing.Xml.when_reading_a_step.should_have_children_steps" executed="True" result="Success" success="True" time="0.000" asserts="1" />
                      <test-case name="StoryTeller.Testing.Xml.when_reading_a_step.should_have_read_all_three_properties" executed="True" result="Success" success="True" time="0.000" asserts="3" />
                      <test-case name="StoryTeller.Testing.Xml.when_reading_a_step.should_pick_up_attributes_on_a_child_step" executed="True" result="Success" success="True" time="0.000" asserts="3" />
                      <test-case name="StoryTeller.Testing.Xml.when_reading_a_step.should_pick_up_children_of_child" executed="True" result="Success" success="True" time="0.000" asserts="3" />
                    </results>
                  </test-suite>
                  <test-suite type="TestFixture" name="when_reading_a_test" executed="True" result="Success" success="True" time="0.016" asserts="0">
                    <results>
                      <test-case name="StoryTeller.Testing.Xml.when_reading_a_test.should_have_read_the_name_from_the_top_root" executed="True" result="Success" success="True" time="0.016" asserts="1" />
                      <test-case name="StoryTeller.Testing.Xml.when_reading_a_test.should_have_three_parts" executed="True" result="Success" success="True" time="0.000" asserts="1" />
                      <test-case name="StoryTeller.Testing.Xml.when_reading_a_test.should_have_three_sections" executed="True" result="Success" success="True" time="0.000" asserts="9" />
                      <test-case name="StoryTeller.Testing.Xml.when_reading_a_test.the_first_section_has_a_step_with_attributes" executed="True" result="Success" success="True" time="0.000" asserts="5" />
                      <test-case name="StoryTeller.Testing.Xml.when_reading_a_test.the_first_section_should_have_steps" executed="True" result="Success" success="True" time="0.000" asserts="3" />
                    </results>
                  </test-suite>
                  <test-suite type="TestFixture" name="when_reading_a_test_with_an_embedded_table" executed="True" result="Success" success="True" time="0.000" asserts="0">
                    <results>
                      <test-case name="StoryTeller.Testing.Xml.when_reading_a_test_with_an_embedded_table.should_read_the_children_steps_of_a_step" executed="True" result="Success" success="True" time="0.000" asserts="6" />
                    </results>
                  </test-suite>
                  <test-suite type="TestFixture" name="when_writing_a_test" executed="True" result="Success" success="True" time="0.062" asserts="0">
                    <results>
                      <test-case name="StoryTeller.Testing.Xml.when_writing_a_test.should_have_a_node_for_each_section_plus_the_comment_for_the_description_and_a_user_comment" executed="True" result="Success" success="True" time="0.000" asserts="4" />
                      <test-case name="StoryTeller.Testing.Xml.when_writing_a_test.should_have_a_step_node_for_each_step_in_a_section" executed="True" result="Success" success="True" time="0.000" asserts="5" />
                      <test-case name="StoryTeller.Testing.Xml.when_writing_a_test.should_have_the_test_name_in_the_top_node" executed="True" result="Success" success="True" time="0.000" asserts="2" />
                      <test-case name="StoryTeller.Testing.Xml.when_writing_a_test.should_have_written_a_comment_node_at_the_top_of_the_test" executed="True" result="Success" success="True" time="0.000" asserts="2" />
                      <test-case name="StoryTeller.Testing.Xml.when_writing_a_test.should_have_written_a_comment_within_Address_fixture_section" executed="True" result="Success" success="True" time="0.031" asserts="1" />
                      <test-case name="StoryTeller.Testing.Xml.when_writing_a_test.should_have_written_an_xml_comment_for_the_address_section" executed="True" result="Success" success="True" time="0.000" asserts="1" />
                      <test-case name="StoryTeller.Testing.Xml.when_writing_a_test.should_have_xml_attribute_for_each_step_value" executed="True" result="Success" success="True" time="0.000" asserts="7" />
                      <test-case name="StoryTeller.Testing.Xml.when_writing_a_test.tagName_of_a_grammar_element_should_be_the_grammar_key" executed="True" result="Success" success="True" time="0.000" asserts="1" />
                      <test-case name="StoryTeller.Testing.Xml.when_writing_a_test.the_root_node_should_be_test" executed="True" result="Success" success="True" time="0.000" asserts="1" />
                    </results>
                  </test-suite>
                </results>
              </test-suite>
            </results>
          </test-suite>
        </results>
      </test-suite>
      <test-suite type="Namespace" name="StoryTellerTestHarness" executed="True" result="Inconclusive" success="False" time="0.000" asserts="0" />
    </results>
  </test-suite>
</test-results>